[0.003s] Invoking command in '/home/john/ros2_ws/build/gazebo_map_creator': CMAKE_PREFIX_PATH=/home/john/ros2_ws/install/gazebo_map_creator_interface:/home/john/ros2_ws/install/gazebo_map_creator:/home/john/ros2_ws/install/boxing_bot_description:/home/john/ros2_ws/install/nav_test:/home/john/ros2_ws/install/nav_gazebo_test:/opt/ros/humble LD_LIBRARY_PATH=/home/john/ros2_ws/install/gazebo_map_creator_interface/lib:/home/john/ros2_ws/install/gazebo_map_creator/lib:/usr/lib/x86_64-linux-gnu/gazebo-11/plugins:/opt/ros/humble/opt/rviz_ogre_vendor/lib:/opt/ros/humble/lib/x86_64-linux-gnu:/opt/ros/humble/lib:/usr/local/cuda-11.8/lib64 /usr/bin/cmake /home/john/ros2_ws/src/gazebo_map_creator/gazebo_map_creator -DCMAKE_INSTALL_PREFIX=/home/john/ros2_ws/install/gazebo_map_creator
[0.027s] -- The C compiler identification is GNU 11.4.0
[0.052s] -- The CXX compiler identification is GNU 11.4.0
[0.055s] -- Detecting C compiler ABI info
[0.085s] -- Detecting C compiler ABI info - done
[0.088s] -- Check for working C compiler: /usr/bin/cc - skipped
[0.088s] -- Detecting C compile features
[0.089s] -- Detecting C compile features - done
[0.090s] -- Detecting CXX compiler ABI info
[0.125s] -- Detecting CXX compiler ABI info - done
[0.129s] -- Check for working CXX compiler: /usr/bin/c++ - skipped
[0.129s] -- Detecting CXX compile features
[0.129s] -- Detecting CXX compile features - done
[0.130s] -- Found ament_cmake: 1.3.8 (/opt/ros/humble/share/ament_cmake/cmake)
[0.202s] -- Found Python3: /usr/bin/python3 (found version "3.10.12") found components: Interpreter 
[0.243s] -- Found builtin_interfaces: 1.2.1 (/opt/ros/humble/share/builtin_interfaces/cmake)
[0.259s] -- Found rosidl_generator_c: 3.1.5 (/opt/ros/humble/share/rosidl_generator_c/cmake)
[0.262s] -- Found rosidl_adapter: 3.1.5 (/opt/ros/humble/share/rosidl_adapter/cmake)
[0.266s] -- Found rosidl_generator_cpp: 3.1.5 (/opt/ros/humble/share/rosidl_generator_cpp/cmake)
[0.272s] -- Using all available rosidl_typesupport_c: rosidl_typesupport_fastrtps_c;rosidl_typesupport_introspection_c
[0.282s] -- Using all available rosidl_typesupport_cpp: rosidl_typesupport_fastrtps_cpp;rosidl_typesupport_introspection_cpp
[0.290s] -- Found gazebo_dev: 3.7.0 (/opt/ros/humble/share/gazebo_dev/cmake)
[0.294s] -- Found PkgConfig: /usr/bin/pkg-config (found version "0.29.2") 
[0.295s] -- Checking for module 'bullet>=2.82'
[0.301s] --   Found bullet, version 3.05
[0.346s] -- Found fcl: /usr/include (found suitable version "0.7.0", minimum required is "0.5.0") 
[0.366s] -- Found assimp: /usr/include (found version "5.2.0") 
[0.379s] -- Found DART: /usr/include (Required is at least version "6.6") found components: dart 
[0.460s] -- Found Boost: /usr/lib/x86_64-linux-gnu/cmake/Boost-1.74.0/BoostConfig.cmake (found suitable version "1.74.0", minimum required is "1.40.0") found components: thread system filesystem program_options regex iostreams date_time 
[0.470s] -- Found Protobuf: /usr/lib/x86_64-linux-gnu/libprotobuf.so (found version "3.12.4") 
[0.473s] -- Looking for ignition-math6 -- found version 6.15.1
[0.477s] -- Searching for dependencies of ignition-math6
[0.478s] -- Looking for OGRE...
[0.479s] -- OGRE_PREFIX_WATCH changed.
[0.481s] -- Checking for module 'OGRE'
[0.486s] --   Found OGRE, version 1.9.0
[0.499s] -- Found Ogre Ghadamon (1.9.0)
[0.504s] -- Found OGRE: optimized;/usr/lib/x86_64-linux-gnu/libOgreMain.so;debug;/usr/lib/x86_64-linux-gnu/libOgreMain.so
[0.509s] -- Looking for OGRE_Paging...
[0.512s] -- Found OGRE_Paging: optimized;/usr/lib/x86_64-linux-gnu/libOgrePaging.so;debug;/usr/lib/x86_64-linux-gnu/libOgrePaging.so
[0.512s] -- Looking for OGRE_Terrain...
[0.514s] -- Found OGRE_Terrain: optimized;/usr/lib/x86_64-linux-gnu/libOgreTerrain.so;debug;/usr/lib/x86_64-linux-gnu/libOgreTerrain.so
[0.514s] -- Looking for OGRE_Property...
[0.517s] -- Found OGRE_Property: optimized;/usr/lib/x86_64-linux-gnu/libOgreProperty.so;debug;/usr/lib/x86_64-linux-gnu/libOgreProperty.so
[0.517s] -- Looking for OGRE_RTShaderSystem...
[0.519s] -- Found OGRE_RTShaderSystem: optimized;/usr/lib/x86_64-linux-gnu/libOgreRTShaderSystem.so;debug;/usr/lib/x86_64-linux-gnu/libOgreRTShaderSystem.so
[0.519s] -- Looking for OGRE_Volume...
[0.521s] -- Found OGRE_Volume: optimized;/usr/lib/x86_64-linux-gnu/libOgreVolume.so;debug;/usr/lib/x86_64-linux-gnu/libOgreVolume.so
[0.521s] -- Looking for OGRE_Overlay...
[0.523s] -- Found OGRE_Overlay: optimized;/usr/lib/x86_64-linux-gnu/libOgreOverlay.so;debug;/usr/lib/x86_64-linux-gnu/libOgreOverlay.so
[0.572s] -- Looking for ignition-math6 -- found version 6.15.1
[0.573s] -- Looking for ignition-transport8 -- found version 8.2.1
[0.574s] -- Searching for dependencies of ignition-transport8
[0.582s] -- Found Protobuf: /usr/lib/x86_64-linux-gnu/libprotobuf.so (found suitable version "3.12.4", minimum required is "3") 
[0.587s] -- Config-file not installed for ZeroMQ -- checking for pkg-config
[0.590s] -- Checking for module 'libzmq >= 4'
[0.598s] --   Found libzmq , version 4.3.4
[0.613s] -- Found ZeroMQ: TRUE (Required is at least version "4") 
[0.615s] -- Checking for module 'uuid'
[0.621s] --   Found uuid, version 2.37.2
[0.634s] -- Found UUID: TRUE  
[0.635s] -- Looking for ignition-msgs5 -- found version 5.8.1
[0.635s] -- Searching for dependencies of ignition-msgs5
[0.644s] -- Looking for ignition-math6 -- found version 6.15.1
[0.647s] -- Checking for module 'tinyxml2'
[0.652s] --   Found tinyxml2, version 9.0.0
[0.666s] -- Looking for ignition-msgs5 -- found version 5.8.1
[0.668s] -- Looking for ignition-common3 -- found version 3.14.0
[0.668s] -- Searching for dependencies of ignition-common3
[0.668s] -- Looking for dlfcn.h - found
[0.669s] -- Looking for libdl - found
[0.669s] -- Found DL: TRUE  
[0.675s] -- Found tinyobjloader: /usr/lib/x86_64-linux-gnu/cmake/tinyobjloader/tinyobjloader-config.cmake (found version "2.0.0") 
[0.675s] -- Searching for <ignition-common3> component [graphics]
[0.676s] -- Looking for ignition-common3-graphics -- found version 3.14.0
[0.677s] -- Searching for dependencies of ignition-common3-graphics
[0.677s] -- Looking for ignition-math6 -- found version 6.15.1
[0.679s] -- Looking for ignition-fuel_tools4 -- found version 4.4.0
[0.679s] -- Searching for dependencies of ignition-fuel_tools4
[0.712s] -- Found CURL: /usr/lib/x86_64-linux-gnu/libcurl.so (found version "7.81.0")  
[0.716s] -- Checking for module 'jsoncpp'
[0.722s] --   Found jsoncpp, version 1.9.5
[0.735s] -- Found JSONCPP: TRUE  
[0.738s] -- Checking for module 'libzip'
[0.744s] --   Found libzip, version 1.7.3
[0.757s] -- Found ZIP: TRUE  
[0.757s] -- Looking for ignition-common3 -- found version 3.14.0
[0.757s] -- Looking for ignition-math6 -- found version 6.15.1
[0.758s] -- Looking for ignition-msgs5 -- found version 5.8.1
[0.760s] -- Gazebo version: 11.10
[0.760s] -- Checking for module 'tbb'
[0.766s] --   Found tbb, version 2021.5.0
[0.779s] -- Found gazebo_ros: 3.7.0 (/opt/ros/humble/share/gazebo_ros/cmake)
[0.816s] -- Found rmw_implementation_cmake: 6.1.1 (/opt/ros/humble/share/rmw_implementation_cmake/cmake)
[0.818s] -- Found rmw_fastrtps_cpp: 6.2.6 (/opt/ros/humble/share/rmw_fastrtps_cpp/cmake)
[0.867s] -- Found OpenSSL: /usr/lib/x86_64-linux-gnu/libcrypto.so (found version "3.0.2")  
[0.880s] -- Found FastRTPS: /opt/ros/humble/include  
[0.904s] -- Using RMW implementation 'rmw_fastrtps_cpp' as default
[0.910s] -- Found Threads: TRUE  
[0.992s] -- Found geometry_msgs: 4.2.3 (/opt/ros/humble/share/geometry_msgs/cmake)
[1.012s] -- Found gazebo_map_creator_interface: 3.5.3 (/home/john/ros2_ws/install/gazebo_map_creator_interface/share/gazebo_map_creator_interface/cmake)
[1.044s] -- Found rclpy: 3.3.12 (/opt/ros/humble/share/rclpy/cmake)
[1.050s] -- Checking for module 'eigen3'
[1.056s] --   Found eigen3, version 3.4.0
[1.069s] -- Found Eigen: /usr/include/eigen3 (Required is at least version "3.1") 
[1.069s] -- Eigen found (include: /usr/include/eigen3, version: 3.4.0)
[1.074s] -- Found Boost: /usr/lib/x86_64-linux-gnu/cmake/Boost-1.74.0/BoostConfig.cmake (found suitable version "1.74.0", minimum required is "1.65.0") found components: system filesystem date_time iostreams serialization 
[1.082s] -- Checking for module 'flann'
[1.087s] --   Found flann, version 1.9.1
[1.104s] -- Found FLANN: /usr/lib/x86_64-linux-gnu/libflann_cpp.so  
[1.104s] -- FLANN found (include: /usr/include, lib: /usr/lib/x86_64-linux-gnu/libflann_cpp.so)
[1.123s] -- Found GLEW: /usr/lib/x86_64-linux-gnu/libGLEW.so  
[1.127s] -- Found OpenGL: /usr/lib/x86_64-linux-gnu/libOpenGL.so  found components: OpenGL GLX 
[1.195s] -- Found MPI_C: /usr/lib/x86_64-linux-gnu/libmpi.so (found version "3.1") 
[1.195s] -- Found MPI: TRUE (found version "3.1") found components: C 
[1.197s] -- Found JsonCpp: /usr/lib/x86_64-linux-gnu/libjsoncpp.so (found suitable version "1.9.5", minimum required is "0.7.0") 
[1.201s] -- Found ZLIB: /usr/lib/x86_64-linux-gnu/libz.so (found version "1.2.11") 
[1.210s] -- Found PNG: /usr/lib/x86_64-linux-gnu/libpng.so (found version "1.6.37") 
[1.220s] -- Found Eigen3: /usr/include/eigen3 (found version "3.4.0") 
[1.260s] -- Found X11: /usr/include   
[1.260s] -- Looking for XOpenDisplay in /usr/lib/x86_64-linux-gnu/libX11.so;/usr/lib/x86_64-linux-gnu/libXext.so
[1.294s] -- Looking for XOpenDisplay in /usr/lib/x86_64-linux-gnu/libX11.so;/usr/lib/x86_64-linux-gnu/libXext.so - found
[1.294s] -- Looking for gethostbyname
[1.324s] -- Looking for gethostbyname - found
[1.324s] -- Looking for connect
[1.355s] -- Looking for connect - found
[1.355s] -- Looking for remove
[1.386s] -- Looking for remove - found
[1.386s] -- Looking for shmat
[1.417s] -- Looking for shmat - found
[1.417s] -- Looking for IceConnectionNumber in ICE
[1.449s] -- Looking for IceConnectionNumber in ICE - found
[1.484s] -- Found EXPAT: /usr/lib/x86_64-linux-gnu/libexpat.so (found version "2.4.7") 
[1.485s] -- Found double-conversion: /usr/lib/x86_64-linux-gnu/libdouble-conversion.so  
[1.487s] -- Found LZ4: /usr/lib/x86_64-linux-gnu/liblz4.so (found version "1.9.3") 
[1.488s] -- Found LZMA: /usr/lib/x86_64-linux-gnu/liblzma.so (found version "5.2.5") 
[1.513s] -- Found JPEG: /usr/lib/x86_64-linux-gnu/libjpeg.so (found version "80") 
[1.516s] -- Found TIFF: /usr/lib/x86_64-linux-gnu/libtiff.so (found version "4.3.0")  
[1.518s] -- Found Freetype: /usr/lib/x86_64-linux-gnu/libfreetype.so (found version "2.11.1") 
[1.521s] -- Found utf8cpp: /usr/include/utf8cpp  
[1.558s] -- Checking for module 'libusb-1.0'
[1.564s] --   Found libusb-1.0, version 1.0.25
[1.578s] -- Found libusb: /usr/lib/x86_64-linux-gnu/libusb-1.0.so  
[1.579s] -- Found OpenNI: /usr/lib/libOpenNI.so;libusb::libusb (found version "1.5.4.0") 
[1.579s] -- OpenNI found (version: 1.5.4.0, include: /usr/include/ni, lib: /usr/lib/libOpenNI.so;libusb::libusb)
[1.603s] -- Found OpenNI2: /usr/lib/x86_64-linux-gnu/libOpenNI2.so;libusb::libusb (found version "2.2.0.33") 
[1.603s] -- OpenNI2 found (version: 2.2.0.33, include: /usr/include/openni2, lib: /usr/lib/x86_64-linux-gnu/libOpenNI2.so;libusb::libusb)
[1.603s] [0m** WARNING ** io features related to pcap will be disabled[0m
[1.677s] -- Eigen found (include: /usr/include/eigen3, version: 3.4.0)
[1.680s] -- OpenNI found (version: 1.5.4.0, include: /usr/include/ni, lib: /usr/lib/libOpenNI.so;libusb::libusb)
[1.683s] -- OpenNI2 found (version: 2.2.0.33, include: /usr/include/openni2, lib: /usr/lib/x86_64-linux-gnu/libOpenNI2.so;libusb::libusb)
[1.755s] -- Found Qhull version 8.0.2
[1.828s] -- OpenNI found (version: 1.5.4.0, include: /usr/include/ni, lib: /usr/lib/libOpenNI.so;libusb::libusb)
[1.897s] -- looking for PCL_COMMON
[1.897s] -- Found PCL_COMMON: /usr/lib/x86_64-linux-gnu/libpcl_common.so  
[1.898s] -- looking for PCL_KDTREE
[1.898s] -- Found PCL_KDTREE: /usr/lib/x86_64-linux-gnu/libpcl_kdtree.so  
[1.898s] -- looking for PCL_OCTREE
[1.898s] -- Found PCL_OCTREE: /usr/lib/x86_64-linux-gnu/libpcl_octree.so  
[1.898s] -- looking for PCL_SEARCH
[1.899s] -- Found PCL_SEARCH: /usr/lib/x86_64-linux-gnu/libpcl_search.so  
[1.899s] -- looking for PCL_SAMPLE_CONSENSUS
[1.899s] -- Found PCL_SAMPLE_CONSENSUS: /usr/lib/x86_64-linux-gnu/libpcl_sample_consensus.so  
[1.899s] -- looking for PCL_FILTERS
[1.899s] -- Found PCL_FILTERS: /usr/lib/x86_64-linux-gnu/libpcl_filters.so  
[1.899s] -- looking for PCL_2D
[1.900s] -- Found PCL_2D: /usr/include/pcl-1.12  
[1.900s] -- looking for PCL_GEOMETRY
[1.900s] -- Found PCL_GEOMETRY: /usr/include/pcl-1.12  
[1.900s] -- looking for PCL_IO
[1.900s] -- Found PCL_IO: /usr/lib/x86_64-linux-gnu/libpcl_io.so  
[1.900s] -- looking for PCL_FEATURES
[1.901s] -- Found PCL_FEATURES: /usr/lib/x86_64-linux-gnu/libpcl_features.so  
[1.901s] -- looking for PCL_ML
[1.901s] -- Found PCL_ML: /usr/lib/x86_64-linux-gnu/libpcl_ml.so  
[1.901s] -- looking for PCL_SEGMENTATION
[1.901s] -- Found PCL_SEGMENTATION: /usr/lib/x86_64-linux-gnu/libpcl_segmentation.so  
[1.902s] -- looking for PCL_VISUALIZATION
[1.902s] -- Found PCL_VISUALIZATION: /usr/lib/x86_64-linux-gnu/libpcl_visualization.so  
[1.902s] -- looking for PCL_SURFACE
[1.902s] -- Found PCL_SURFACE: /usr/lib/x86_64-linux-gnu/libpcl_surface.so  
[1.902s] -- looking for PCL_REGISTRATION
[1.903s] -- Found PCL_REGISTRATION: /usr/lib/x86_64-linux-gnu/libpcl_registration.so  
[1.903s] -- looking for PCL_KEYPOINTS
[1.903s] -- Found PCL_KEYPOINTS: /usr/lib/x86_64-linux-gnu/libpcl_keypoints.so  
[1.903s] -- looking for PCL_TRACKING
[1.904s] -- Found PCL_TRACKING: /usr/lib/x86_64-linux-gnu/libpcl_tracking.so  
[1.904s] -- looking for PCL_RECOGNITION
[1.904s] -- Found PCL_RECOGNITION: /usr/lib/x86_64-linux-gnu/libpcl_recognition.so  
[1.904s] -- looking for PCL_STEREO
[1.905s] -- Found PCL_STEREO: /usr/lib/x86_64-linux-gnu/libpcl_stereo.so  
[1.905s] -- looking for PCL_APPS
[1.905s] -- Found PCL_APPS: /usr/lib/x86_64-linux-gnu/libpcl_apps.so  
[1.905s] -- looking for PCL_IN_HAND_SCANNER
[1.905s] -- Found PCL_IN_HAND_SCANNER: /usr/include/pcl-1.12  
[1.905s] -- looking for PCL_MODELER
[1.906s] -- Found PCL_MODELER: /usr/include/pcl-1.12  
[1.906s] -- looking for PCL_POINT_CLOUD_EDITOR
[1.906s] -- Found PCL_POINT_CLOUD_EDITOR: /usr/include/pcl-1.12  
[1.906s] -- looking for PCL_OUTOFCORE
[1.906s] -- Found PCL_OUTOFCORE: /usr/lib/x86_64-linux-gnu/libpcl_outofcore.so  
[1.907s] -- looking for PCL_PEOPLE
[1.907s] -- Found PCL_PEOPLE: /usr/lib/x86_64-linux-gnu/libpcl_people.so  
[1.907s] -- Found PCL: pcl_common;pcl_kdtree;pcl_octree;pcl_search;pcl_sample_consensus;pcl_filters;pcl_io;pcl_features;pcl_ml;pcl_segmentation;pcl_visualization;pcl_surface;pcl_registration;pcl_keypoints;pcl_tracking;pcl_recognition;pcl_stereo;pcl_apps;pcl_outofcore;pcl_people;Boost::system;Boost::filesystem;Boost::date_time;Boost::iostreams;Boost::serialization;/usr/lib/libOpenNI.so;libusb::libusb;/usr/lib/x86_64-linux-gnu/libOpenNI2.so;libusb::libusb;VTK::ChartsCore;VTK::CommonColor;VTK::CommonComputationalGeometry;VTK::CommonCore;VTK::CommonDataModel;VTK::CommonExecutionModel;VTK::CommonMath;VTK::CommonMisc;VTK::CommonTransforms;VTK::FiltersCore;VTK::FiltersExtraction;VTK::FiltersGeneral;VTK::FiltersGeometry;VTK::FiltersModeling;VTK::FiltersSources;VTK::ImagingCore;VTK::ImagingSources;VTK::InteractionImage;VTK::InteractionStyle;VTK::InteractionWidgets;VTK::IOCore;VTK::IOGeometry;VTK::IOImage;VTK::IOLegacy;VTK::IOPLY;VTK::RenderingAnnotation;VTK::RenderingCore;VTK::RenderingContext2D;VTK::RenderingLOD;VTK::RenderingFreeType;VTK::ViewsCore;VTK::ViewsContext2D;VTK::RenderingOpenGL2;VTK::GUISupportQt;FLANN::FLANN;QHULL::QHULL (Required is at least version "1.2") 
[1.951s] -- Configuring done
[1.980s] -- Generating done
[1.981s] -- Build files have been written to: /home/john/ros2_ws/build/gazebo_map_creator
[1.992s] Invoked command in '/home/john/ros2_ws/build/gazebo_map_creator' returned '0': CMAKE_PREFIX_PATH=/home/john/ros2_ws/install/gazebo_map_creator_interface:/home/john/ros2_ws/install/gazebo_map_creator:/home/john/ros2_ws/install/boxing_bot_description:/home/john/ros2_ws/install/nav_test:/home/john/ros2_ws/install/nav_gazebo_test:/opt/ros/humble LD_LIBRARY_PATH=/home/john/ros2_ws/install/gazebo_map_creator_interface/lib:/home/john/ros2_ws/install/gazebo_map_creator/lib:/usr/lib/x86_64-linux-gnu/gazebo-11/plugins:/opt/ros/humble/opt/rviz_ogre_vendor/lib:/opt/ros/humble/lib/x86_64-linux-gnu:/opt/ros/humble/lib:/usr/local/cuda-11.8/lib64 /usr/bin/cmake /home/john/ros2_ws/src/gazebo_map_creator/gazebo_map_creator -DCMAKE_INSTALL_PREFIX=/home/john/ros2_ws/install/gazebo_map_creator
[1.992s] Invoking command in '/home/john/ros2_ws/build/gazebo_map_creator': CMAKE_PREFIX_PATH=/home/john/ros2_ws/install/gazebo_map_creator_interface:/home/john/ros2_ws/install/gazebo_map_creator:/home/john/ros2_ws/install/boxing_bot_description:/home/john/ros2_ws/install/nav_test:/home/john/ros2_ws/install/nav_gazebo_test:/opt/ros/humble LD_LIBRARY_PATH=/home/john/ros2_ws/install/gazebo_map_creator_interface/lib:/home/john/ros2_ws/install/gazebo_map_creator/lib:/usr/lib/x86_64-linux-gnu/gazebo-11/plugins:/opt/ros/humble/opt/rviz_ogre_vendor/lib:/opt/ros/humble/lib/x86_64-linux-gnu:/opt/ros/humble/lib:/usr/local/cuda-11.8/lib64 /usr/bin/cmake --build /home/john/ros2_ws/build/gazebo_map_creator -- -j28 -l28
[2.015s] [ 50%] [32mBuilding CXX object CMakeFiles/gazebo_map_creator.dir/src/gazbeo_map_creator.cpp.o[0m
[10.519s] [100%] [32m[1mLinking CXX shared library libgazebo_map_creator.so[0m
[10.910s] [100%] Built target gazebo_map_creator
[10.916s] Invoked command in '/home/john/ros2_ws/build/gazebo_map_creator' returned '0': CMAKE_PREFIX_PATH=/home/john/ros2_ws/install/gazebo_map_creator_interface:/home/john/ros2_ws/install/gazebo_map_creator:/home/john/ros2_ws/install/boxing_bot_description:/home/john/ros2_ws/install/nav_test:/home/john/ros2_ws/install/nav_gazebo_test:/opt/ros/humble LD_LIBRARY_PATH=/home/john/ros2_ws/install/gazebo_map_creator_interface/lib:/home/john/ros2_ws/install/gazebo_map_creator/lib:/usr/lib/x86_64-linux-gnu/gazebo-11/plugins:/opt/ros/humble/opt/rviz_ogre_vendor/lib:/opt/ros/humble/lib/x86_64-linux-gnu:/opt/ros/humble/lib:/usr/local/cuda-11.8/lib64 /usr/bin/cmake --build /home/john/ros2_ws/build/gazebo_map_creator -- -j28 -l28
[10.929s] Invoking command in '/home/john/ros2_ws/build/gazebo_map_creator': CMAKE_PREFIX_PATH=/home/john/ros2_ws/install/gazebo_map_creator_interface:/home/john/ros2_ws/install/gazebo_map_creator:/home/john/ros2_ws/install/boxing_bot_description:/home/john/ros2_ws/install/nav_test:/home/john/ros2_ws/install/nav_gazebo_test:/opt/ros/humble LD_LIBRARY_PATH=/home/john/ros2_ws/install/gazebo_map_creator_interface/lib:/home/john/ros2_ws/install/gazebo_map_creator/lib:/usr/lib/x86_64-linux-gnu/gazebo-11/plugins:/opt/ros/humble/opt/rviz_ogre_vendor/lib:/opt/ros/humble/lib/x86_64-linux-gnu:/opt/ros/humble/lib:/usr/local/cuda-11.8/lib64 /usr/bin/cmake --install /home/john/ros2_ws/build/gazebo_map_creator
[10.932s] -- Install configuration: ""
[10.932s] -- Installing: /home/john/ros2_ws/install/gazebo_map_creator/share/gazebo_map_creator/environment/library_path.sh
[10.932s] -- Installing: /home/john/ros2_ws/install/gazebo_map_creator/share/gazebo_map_creator/environment/library_path.dsv
[10.932s] -- Installing: /home/john/ros2_ws/install/gazebo_map_creator/share/gazebo_map_creator/scripts
[10.932s] -- Installing: /home/john/ros2_ws/install/gazebo_map_creator/share/gazebo_map_creator/scripts/request_map.py
[10.932s] -- Installing: /home/john/ros2_ws/install/gazebo_map_creator/lib/libgazebo_map_creator.so
[10.933s] -- Set runtime path of "/home/john/ros2_ws/install/gazebo_map_creator/lib/libgazebo_map_creator.so" to ""
[10.933s] -- Installing: /home/john/ros2_ws/install/gazebo_map_creator/lib/gazebo_map_creator/request_map.py
[10.934s] -- Installing: /home/john/ros2_ws/install/gazebo_map_creator/share/ament_index/resource_index/package_run_dependencies/gazebo_map_creator
[10.934s] -- Installing: /home/john/ros2_ws/install/gazebo_map_creator/share/ament_index/resource_index/parent_prefix_path/gazebo_map_creator
[10.934s] -- Installing: /home/john/ros2_ws/install/gazebo_map_creator/share/gazebo_map_creator/environment/ament_prefix_path.sh
[10.934s] -- Installing: /home/john/ros2_ws/install/gazebo_map_creator/share/gazebo_map_creator/environment/ament_prefix_path.dsv
[10.934s] -- Installing: /home/john/ros2_ws/install/gazebo_map_creator/share/gazebo_map_creator/environment/path.sh
[10.934s] -- Installing: /home/john/ros2_ws/install/gazebo_map_creator/share/gazebo_map_creator/environment/path.dsv
[10.934s] -- Installing: /home/john/ros2_ws/install/gazebo_map_creator/share/gazebo_map_creator/local_setup.bash
[10.934s] -- Installing: /home/john/ros2_ws/install/gazebo_map_creator/share/gazebo_map_creator/local_setup.sh
[10.934s] -- Installing: /home/john/ros2_ws/install/gazebo_map_creator/share/gazebo_map_creator/local_setup.zsh
[10.934s] -- Installing: /home/john/ros2_ws/install/gazebo_map_creator/share/gazebo_map_creator/local_setup.dsv
[10.934s] -- Installing: /home/john/ros2_ws/install/gazebo_map_creator/share/gazebo_map_creator/package.dsv
[10.934s] -- Installing: /home/john/ros2_ws/install/gazebo_map_creator/share/ament_index/resource_index/packages/gazebo_map_creator
[10.934s] -- Installing: /home/john/ros2_ws/install/gazebo_map_creator/share/gazebo_map_creator/cmake/ament_cmake_export_libraries-extras.cmake
[10.934s] -- Installing: /home/john/ros2_ws/install/gazebo_map_creator/share/gazebo_map_creator/cmake/ament_cmake_export_dependencies-extras.cmake
[10.934s] -- Installing: /home/john/ros2_ws/install/gazebo_map_creator/share/gazebo_map_creator/cmake/gazebo_map_creatorConfig.cmake
[10.934s] -- Installing: /home/john/ros2_ws/install/gazebo_map_creator/share/gazebo_map_creator/cmake/gazebo_map_creatorConfig-version.cmake
[10.934s] -- Installing: /home/john/ros2_ws/install/gazebo_map_creator/share/gazebo_map_creator/package.xml
[10.935s] Invoked command in '/home/john/ros2_ws/build/gazebo_map_creator' returned '0': CMAKE_PREFIX_PATH=/home/john/ros2_ws/install/gazebo_map_creator_interface:/home/john/ros2_ws/install/gazebo_map_creator:/home/john/ros2_ws/install/boxing_bot_description:/home/john/ros2_ws/install/nav_test:/home/john/ros2_ws/install/nav_gazebo_test:/opt/ros/humble LD_LIBRARY_PATH=/home/john/ros2_ws/install/gazebo_map_creator_interface/lib:/home/john/ros2_ws/install/gazebo_map_creator/lib:/usr/lib/x86_64-linux-gnu/gazebo-11/plugins:/opt/ros/humble/opt/rviz_ogre_vendor/lib:/opt/ros/humble/lib/x86_64-linux-gnu:/opt/ros/humble/lib:/usr/local/cuda-11.8/lib64 /usr/bin/cmake --install /home/john/ros2_ws/build/gazebo_map_creator
