[0.089s] DEBUG:colcon:Command line arguments: ['/usr/bin/colcon', 'build']
[0.089s] DEBUG:colcon:Parsed command line arguments: Namespace(log_base=None, log_level=None, verb_name='build', build_base='build', install_base='install', merge_install=False, symlink_install=False, test_result_base=None, continue_on_error=False, executor='parallel', parallel_workers=28, event_handlers=None, ignore_user_meta=False, metas=['./colcon.meta'], base_paths=['.'], packages_ignore=None, packages_ignore_regex=None, paths=None, packages_up_to=None, packages_up_to_regex=None, packages_above=None, packages_above_and_dependencies=None, packages_above_depth=None, packages_select_by_dep=None, packages_skip_by_dep=None, packages_skip_up_to=None, packages_select_build_failed=False, packages_skip_build_finished=False, packages_select_test_failures=False, packages_skip_test_passed=False, packages_select=None, packages_skip=None, packages_select_regex=None, packages_skip_regex=None, packages_start=None, packages_end=None, allow_overriding=[], cmake_args=None, cmake_target=None, cmake_target_skip_unavailable=False, cmake_clean_cache=False, cmake_clean_first=False, cmake_force_configure=False, ament_cmake_args=None, catkin_cmake_args=None, catkin_skip_building_tests=False, verb_parser=<colcon_defaults.argument_parser.defaults.DefaultArgumentsDecorator object at 0x7fbbc99096f0>, verb_extension=<colcon_core.verb.build.BuildVerb object at 0x7fbbc9a32200>, main=<bound method BuildVerb.main of <colcon_core.verb.build.BuildVerb object at 0x7fbbc9a32200>>)
[0.196s] Level 1:colcon.colcon_core.package_discovery:discover_packages(colcon_meta) check parameters
[0.196s] Level 1:colcon.colcon_core.package_discovery:discover_packages(recursive) check parameters
[0.196s] Level 1:colcon.colcon_core.package_discovery:discover_packages(ignore) check parameters
[0.196s] Level 1:colcon.colcon_core.package_discovery:discover_packages(path) check parameters
[0.196s] Level 1:colcon.colcon_core.package_discovery:discover_packages(colcon_meta) discover
[0.196s] Level 1:colcon.colcon_core.package_discovery:discover_packages(recursive) discover
[0.196s] INFO:colcon.colcon_core.package_discovery:Crawling recursively for packages in '/home/john/ros2_ws'
[0.196s] Level 1:colcon.colcon_core.package_identification:_identify(.) by extensions ['ignore', 'ignore_ament_install']
[0.196s] Level 1:colcon.colcon_core.package_identification:_identify(.) by extension 'ignore'
[0.196s] Level 1:colcon.colcon_core.package_identification:_identify(.) by extension 'ignore_ament_install'
[0.196s] Level 1:colcon.colcon_core.package_identification:_identify(.) by extensions ['colcon_pkg']
[0.196s] Level 1:colcon.colcon_core.package_identification:_identify(.) by extension 'colcon_pkg'
[0.196s] Level 1:colcon.colcon_core.package_identification:_identify(.) by extensions ['colcon_meta']
[0.196s] Level 1:colcon.colcon_core.package_identification:_identify(.) by extension 'colcon_meta'
[0.197s] Level 1:colcon.colcon_core.package_identification:_identify(.) by extensions ['ros']
[0.197s] Level 1:colcon.colcon_core.package_identification:_identify(.) by extension 'ros'
[0.202s] Level 1:colcon.colcon_core.package_identification:_identify(.) by extensions ['cmake', 'python']
[0.202s] Level 1:colcon.colcon_core.package_identification:_identify(.) by extension 'cmake'
[0.202s] Level 1:colcon.colcon_core.package_identification:_identify(.) by extension 'python'
[0.202s] Level 1:colcon.colcon_core.package_identification:_identify(.) by extensions ['python_setup_py']
[0.202s] Level 1:colcon.colcon_core.package_identification:_identify(.) by extension 'python_setup_py'
[0.202s] Level 1:colcon.colcon_core.package_identification:_identify(build) by extensions ['ignore', 'ignore_ament_install']
[0.202s] Level 1:colcon.colcon_core.package_identification:_identify(build) by extension 'ignore'
[0.202s] Level 1:colcon.colcon_core.package_identification:_identify(build) ignored
[0.202s] Level 1:colcon.colcon_core.package_identification:_identify(install) by extensions ['ignore', 'ignore_ament_install']
[0.202s] Level 1:colcon.colcon_core.package_identification:_identify(install) by extension 'ignore'
[0.202s] Level 1:colcon.colcon_core.package_identification:_identify(install) ignored
[0.202s] Level 1:colcon.colcon_core.package_identification:_identify(log) by extensions ['ignore', 'ignore_ament_install']
[0.203s] Level 1:colcon.colcon_core.package_identification:_identify(log) by extension 'ignore'
[0.203s] Level 1:colcon.colcon_core.package_identification:_identify(log) ignored
[0.203s] Level 1:colcon.colcon_core.package_identification:_identify(src) by extensions ['ignore', 'ignore_ament_install']
[0.203s] Level 1:colcon.colcon_core.package_identification:_identify(src) by extension 'ignore'
[0.203s] Level 1:colcon.colcon_core.package_identification:_identify(src) by extension 'ignore_ament_install'
[0.203s] Level 1:colcon.colcon_core.package_identification:_identify(src) by extensions ['colcon_pkg']
[0.203s] Level 1:colcon.colcon_core.package_identification:_identify(src) by extension 'colcon_pkg'
[0.203s] Level 1:colcon.colcon_core.package_identification:_identify(src) by extensions ['colcon_meta']
[0.203s] Level 1:colcon.colcon_core.package_identification:_identify(src) by extension 'colcon_meta'
[0.203s] Level 1:colcon.colcon_core.package_identification:_identify(src) by extensions ['ros']
[0.203s] Level 1:colcon.colcon_core.package_identification:_identify(src) by extension 'ros'
[0.203s] Level 1:colcon.colcon_core.package_identification:_identify(src) by extensions ['cmake', 'python']
[0.203s] Level 1:colcon.colcon_core.package_identification:_identify(src) by extension 'cmake'
[0.203s] Level 1:colcon.colcon_core.package_identification:_identify(src) by extension 'python'
[0.203s] Level 1:colcon.colcon_core.package_identification:_identify(src) by extensions ['python_setup_py']
[0.203s] Level 1:colcon.colcon_core.package_identification:_identify(src) by extension 'python_setup_py'
[0.203s] Level 1:colcon.colcon_core.package_identification:_identify(src/boxing_bot_description) by extensions ['ignore', 'ignore_ament_install']
[0.203s] Level 1:colcon.colcon_core.package_identification:_identify(src/boxing_bot_description) by extension 'ignore'
[0.203s] Level 1:colcon.colcon_core.package_identification:_identify(src/boxing_bot_description) by extension 'ignore_ament_install'
[0.203s] Level 1:colcon.colcon_core.package_identification:_identify(src/boxing_bot_description) by extensions ['colcon_pkg']
[0.203s] Level 1:colcon.colcon_core.package_identification:_identify(src/boxing_bot_description) by extension 'colcon_pkg'
[0.203s] Level 1:colcon.colcon_core.package_identification:_identify(src/boxing_bot_description) by extensions ['colcon_meta']
[0.203s] Level 1:colcon.colcon_core.package_identification:_identify(src/boxing_bot_description) by extension 'colcon_meta'
[0.203s] Level 1:colcon.colcon_core.package_identification:_identify(src/boxing_bot_description) by extensions ['ros']
[0.203s] Level 1:colcon.colcon_core.package_identification:_identify(src/boxing_bot_description) by extension 'ros'
[0.204s] DEBUG:colcon.colcon_core.package_identification:Package 'src/boxing_bot_description' with type 'ros.ament_cmake' and name 'boxing_bot_description'
[0.204s] Level 1:colcon.colcon_core.package_identification:_identify(src/gazebo_map_creator) by extensions ['ignore', 'ignore_ament_install']
[0.204s] Level 1:colcon.colcon_core.package_identification:_identify(src/gazebo_map_creator) by extension 'ignore'
[0.204s] Level 1:colcon.colcon_core.package_identification:_identify(src/gazebo_map_creator) by extension 'ignore_ament_install'
[0.204s] Level 1:colcon.colcon_core.package_identification:_identify(src/gazebo_map_creator) by extensions ['colcon_pkg']
[0.204s] Level 1:colcon.colcon_core.package_identification:_identify(src/gazebo_map_creator) by extension 'colcon_pkg'
[0.204s] Level 1:colcon.colcon_core.package_identification:_identify(src/gazebo_map_creator) by extensions ['colcon_meta']
[0.204s] Level 1:colcon.colcon_core.package_identification:_identify(src/gazebo_map_creator) by extension 'colcon_meta'
[0.205s] Level 1:colcon.colcon_core.package_identification:_identify(src/gazebo_map_creator) by extensions ['ros']
[0.205s] Level 1:colcon.colcon_core.package_identification:_identify(src/gazebo_map_creator) by extension 'ros'
[0.205s] Level 1:colcon.colcon_core.package_identification:_identify(src/gazebo_map_creator) by extensions ['cmake', 'python']
[0.205s] Level 1:colcon.colcon_core.package_identification:_identify(src/gazebo_map_creator) by extension 'cmake'
[0.205s] Level 1:colcon.colcon_core.package_identification:_identify(src/gazebo_map_creator) by extension 'python'
[0.205s] Level 1:colcon.colcon_core.package_identification:_identify(src/gazebo_map_creator) by extensions ['python_setup_py']
[0.205s] Level 1:colcon.colcon_core.package_identification:_identify(src/gazebo_map_creator) by extension 'python_setup_py'
[0.205s] Level 1:colcon.colcon_core.package_identification:_identify(src/gazebo_map_creator/gazebo_map_creator) by extensions ['ignore', 'ignore_ament_install']
[0.205s] Level 1:colcon.colcon_core.package_identification:_identify(src/gazebo_map_creator/gazebo_map_creator) by extension 'ignore'
[0.205s] Level 1:colcon.colcon_core.package_identification:_identify(src/gazebo_map_creator/gazebo_map_creator) by extension 'ignore_ament_install'
[0.205s] Level 1:colcon.colcon_core.package_identification:_identify(src/gazebo_map_creator/gazebo_map_creator) by extensions ['colcon_pkg']
[0.205s] Level 1:colcon.colcon_core.package_identification:_identify(src/gazebo_map_creator/gazebo_map_creator) by extension 'colcon_pkg'
[0.205s] Level 1:colcon.colcon_core.package_identification:_identify(src/gazebo_map_creator/gazebo_map_creator) by extensions ['colcon_meta']
[0.205s] Level 1:colcon.colcon_core.package_identification:_identify(src/gazebo_map_creator/gazebo_map_creator) by extension 'colcon_meta'
[0.205s] Level 1:colcon.colcon_core.package_identification:_identify(src/gazebo_map_creator/gazebo_map_creator) by extensions ['ros']
[0.205s] Level 1:colcon.colcon_core.package_identification:_identify(src/gazebo_map_creator/gazebo_map_creator) by extension 'ros'
[0.205s] DEBUG:colcon.colcon_core.package_identification:Package 'src/gazebo_map_creator/gazebo_map_creator' with type 'ros.ament_cmake' and name 'gazebo_map_creator'
[0.206s] Level 1:colcon.colcon_core.package_identification:_identify(src/gazebo_map_creator/gazebo_map_creator_ign) by extensions ['ignore', 'ignore_ament_install']
[0.206s] Level 1:colcon.colcon_core.package_identification:_identify(src/gazebo_map_creator/gazebo_map_creator_ign) by extension 'ignore'
[0.206s] Level 1:colcon.colcon_core.package_identification:_identify(src/gazebo_map_creator/gazebo_map_creator_ign) ignored
[0.206s] Level 1:colcon.colcon_core.package_identification:_identify(src/gazebo_map_creator/gazebo_map_creator_interface) by extensions ['ignore', 'ignore_ament_install']
[0.206s] Level 1:colcon.colcon_core.package_identification:_identify(src/gazebo_map_creator/gazebo_map_creator_interface) by extension 'ignore'
[0.206s] Level 1:colcon.colcon_core.package_identification:_identify(src/gazebo_map_creator/gazebo_map_creator_interface) by extension 'ignore_ament_install'
[0.206s] Level 1:colcon.colcon_core.package_identification:_identify(src/gazebo_map_creator/gazebo_map_creator_interface) by extensions ['colcon_pkg']
[0.206s] Level 1:colcon.colcon_core.package_identification:_identify(src/gazebo_map_creator/gazebo_map_creator_interface) by extension 'colcon_pkg'
[0.206s] Level 1:colcon.colcon_core.package_identification:_identify(src/gazebo_map_creator/gazebo_map_creator_interface) by extensions ['colcon_meta']
[0.206s] Level 1:colcon.colcon_core.package_identification:_identify(src/gazebo_map_creator/gazebo_map_creator_interface) by extension 'colcon_meta'
[0.206s] Level 1:colcon.colcon_core.package_identification:_identify(src/gazebo_map_creator/gazebo_map_creator_interface) by extensions ['ros']
[0.206s] Level 1:colcon.colcon_core.package_identification:_identify(src/gazebo_map_creator/gazebo_map_creator_interface) by extension 'ros'
[0.206s] DEBUG:colcon.colcon_core.package_identification:Package 'src/gazebo_map_creator/gazebo_map_creator_interface' with type 'ros.ament_cmake' and name 'gazebo_map_creator_interface'
[0.206s] Level 1:colcon.colcon_core.package_identification:_identify(src/map) by extensions ['ignore', 'ignore_ament_install']
[0.206s] Level 1:colcon.colcon_core.package_identification:_identify(src/map) by extension 'ignore'
[0.207s] Level 1:colcon.colcon_core.package_identification:_identify(src/map) by extension 'ignore_ament_install'
[0.207s] Level 1:colcon.colcon_core.package_identification:_identify(src/map) by extensions ['colcon_pkg']
[0.207s] Level 1:colcon.colcon_core.package_identification:_identify(src/map) by extension 'colcon_pkg'
[0.207s] Level 1:colcon.colcon_core.package_identification:_identify(src/map) by extensions ['colcon_meta']
[0.207s] Level 1:colcon.colcon_core.package_identification:_identify(src/map) by extension 'colcon_meta'
[0.207s] Level 1:colcon.colcon_core.package_identification:_identify(src/map) by extensions ['ros']
[0.207s] Level 1:colcon.colcon_core.package_identification:_identify(src/map) by extension 'ros'
[0.207s] Level 1:colcon.colcon_core.package_identification:_identify(src/map) by extensions ['cmake', 'python']
[0.207s] Level 1:colcon.colcon_core.package_identification:_identify(src/map) by extension 'cmake'
[0.207s] Level 1:colcon.colcon_core.package_identification:_identify(src/map) by extension 'python'
[0.207s] Level 1:colcon.colcon_core.package_identification:_identify(src/map) by extensions ['python_setup_py']
[0.207s] Level 1:colcon.colcon_core.package_identification:_identify(src/map) by extension 'python_setup_py'
[0.207s] Level 1:colcon.colcon_core.package_identification:_identify(src/nav_gazebo_test) by extensions ['ignore', 'ignore_ament_install']
[0.207s] Level 1:colcon.colcon_core.package_identification:_identify(src/nav_gazebo_test) by extension 'ignore'
[0.207s] Level 1:colcon.colcon_core.package_identification:_identify(src/nav_gazebo_test) by extension 'ignore_ament_install'
[0.207s] Level 1:colcon.colcon_core.package_identification:_identify(src/nav_gazebo_test) by extensions ['colcon_pkg']
[0.207s] Level 1:colcon.colcon_core.package_identification:_identify(src/nav_gazebo_test) by extension 'colcon_pkg'
[0.207s] Level 1:colcon.colcon_core.package_identification:_identify(src/nav_gazebo_test) by extensions ['colcon_meta']
[0.207s] Level 1:colcon.colcon_core.package_identification:_identify(src/nav_gazebo_test) by extension 'colcon_meta'
[0.207s] Level 1:colcon.colcon_core.package_identification:_identify(src/nav_gazebo_test) by extensions ['ros']
[0.207s] Level 1:colcon.colcon_core.package_identification:_identify(src/nav_gazebo_test) by extension 'ros'
[0.208s] DEBUG:colcon.colcon_core.package_identification:Package 'src/nav_gazebo_test' with type 'ros.ament_python' and name 'nav_gazebo_test'
[0.208s] Level 1:colcon.colcon_core.package_identification:_identify(src/nav_test) by extensions ['ignore', 'ignore_ament_install']
[0.208s] Level 1:colcon.colcon_core.package_identification:_identify(src/nav_test) by extension 'ignore'
[0.208s] Level 1:colcon.colcon_core.package_identification:_identify(src/nav_test) by extension 'ignore_ament_install'
[0.208s] Level 1:colcon.colcon_core.package_identification:_identify(src/nav_test) by extensions ['colcon_pkg']
[0.208s] Level 1:colcon.colcon_core.package_identification:_identify(src/nav_test) by extension 'colcon_pkg'
[0.208s] Level 1:colcon.colcon_core.package_identification:_identify(src/nav_test) by extensions ['colcon_meta']
[0.208s] Level 1:colcon.colcon_core.package_identification:_identify(src/nav_test) by extension 'colcon_meta'
[0.208s] Level 1:colcon.colcon_core.package_identification:_identify(src/nav_test) by extensions ['ros']
[0.208s] Level 1:colcon.colcon_core.package_identification:_identify(src/nav_test) by extension 'ros'
[0.209s] DEBUG:colcon.colcon_core.package_identification:Package 'src/nav_test' with type 'ros.ament_python' and name 'nav_test'
[0.209s] Level 1:colcon.colcon_core.package_discovery:discover_packages(recursive) using defaults
[0.209s] Level 1:colcon.colcon_core.package_discovery:discover_packages(ignore) discover
[0.209s] Level 1:colcon.colcon_core.package_discovery:discover_packages(ignore) using defaults
[0.209s] Level 1:colcon.colcon_core.package_discovery:discover_packages(path) discover
[0.209s] Level 1:colcon.colcon_core.package_discovery:discover_packages(path) using defaults
[0.228s] Level 1:colcon.colcon_core.package_discovery:discover_packages(prefix_path) check parameters
[0.228s] Level 1:colcon.colcon_core.package_discovery:discover_packages(prefix_path) discover
[0.230s] DEBUG:colcon.colcon_installed_package_information.package_discovery:Found 5 installed packages in /home/john/ros2_ws/install
[0.230s] DEBUG:colcon.colcon_installed_package_information.package_discovery:Found 386 installed packages in /opt/ros/humble
[0.231s] Level 1:colcon.colcon_core.package_discovery:discover_packages(prefix_path) using defaults
[0.250s] Level 5:colcon.colcon_core.verb:set package 'boxing_bot_description' build argument 'cmake_args' from command line to 'None'
[0.250s] Level 5:colcon.colcon_core.verb:set package 'boxing_bot_description' build argument 'cmake_target' from command line to 'None'
[0.250s] Level 5:colcon.colcon_core.verb:set package 'boxing_bot_description' build argument 'cmake_target_skip_unavailable' from command line to 'False'
[0.250s] Level 5:colcon.colcon_core.verb:set package 'boxing_bot_description' build argument 'cmake_clean_cache' from command line to 'False'
[0.250s] Level 5:colcon.colcon_core.verb:set package 'boxing_bot_description' build argument 'cmake_clean_first' from command line to 'False'
[0.250s] Level 5:colcon.colcon_core.verb:set package 'boxing_bot_description' build argument 'cmake_force_configure' from command line to 'False'
[0.250s] Level 5:colcon.colcon_core.verb:set package 'boxing_bot_description' build argument 'ament_cmake_args' from command line to 'None'
[0.251s] Level 5:colcon.colcon_core.verb:set package 'boxing_bot_description' build argument 'catkin_cmake_args' from command line to 'None'
[0.251s] Level 5:colcon.colcon_core.verb:set package 'boxing_bot_description' build argument 'catkin_skip_building_tests' from command line to 'False'
[0.251s] DEBUG:colcon.colcon_core.verb:Building package 'boxing_bot_description' with the following arguments: {'ament_cmake_args': None, 'build_base': '/home/john/ros2_ws/build/boxing_bot_description', 'catkin_cmake_args': None, 'catkin_skip_building_tests': False, 'cmake_args': None, 'cmake_clean_cache': False, 'cmake_clean_first': False, 'cmake_force_configure': False, 'cmake_target': None, 'cmake_target_skip_unavailable': False, 'install_base': '/home/john/ros2_ws/install/boxing_bot_description', 'merge_install': False, 'path': '/home/john/ros2_ws/src/boxing_bot_description', 'symlink_install': False, 'test_result_base': None}
[0.251s] Level 5:colcon.colcon_core.verb:set package 'gazebo_map_creator_interface' build argument 'cmake_args' from command line to 'None'
[0.251s] Level 5:colcon.colcon_core.verb:set package 'gazebo_map_creator_interface' build argument 'cmake_target' from command line to 'None'
[0.251s] Level 5:colcon.colcon_core.verb:set package 'gazebo_map_creator_interface' build argument 'cmake_target_skip_unavailable' from command line to 'False'
[0.251s] Level 5:colcon.colcon_core.verb:set package 'gazebo_map_creator_interface' build argument 'cmake_clean_cache' from command line to 'False'
[0.251s] Level 5:colcon.colcon_core.verb:set package 'gazebo_map_creator_interface' build argument 'cmake_clean_first' from command line to 'False'
[0.251s] Level 5:colcon.colcon_core.verb:set package 'gazebo_map_creator_interface' build argument 'cmake_force_configure' from command line to 'False'
[0.251s] Level 5:colcon.colcon_core.verb:set package 'gazebo_map_creator_interface' build argument 'ament_cmake_args' from command line to 'None'
[0.251s] Level 5:colcon.colcon_core.verb:set package 'gazebo_map_creator_interface' build argument 'catkin_cmake_args' from command line to 'None'
[0.251s] Level 5:colcon.colcon_core.verb:set package 'gazebo_map_creator_interface' build argument 'catkin_skip_building_tests' from command line to 'False'
[0.251s] DEBUG:colcon.colcon_core.verb:Building package 'gazebo_map_creator_interface' with the following arguments: {'ament_cmake_args': None, 'build_base': '/home/john/ros2_ws/build/gazebo_map_creator_interface', 'catkin_cmake_args': None, 'catkin_skip_building_tests': False, 'cmake_args': None, 'cmake_clean_cache': False, 'cmake_clean_first': False, 'cmake_force_configure': False, 'cmake_target': None, 'cmake_target_skip_unavailable': False, 'install_base': '/home/john/ros2_ws/install/gazebo_map_creator_interface', 'merge_install': False, 'path': '/home/john/ros2_ws/src/gazebo_map_creator/gazebo_map_creator_interface', 'symlink_install': False, 'test_result_base': None}
[0.251s] Level 5:colcon.colcon_core.verb:set package 'nav_gazebo_test' build argument 'cmake_args' from command line to 'None'
[0.251s] Level 5:colcon.colcon_core.verb:set package 'nav_gazebo_test' build argument 'cmake_target' from command line to 'None'
[0.251s] Level 5:colcon.colcon_core.verb:set package 'nav_gazebo_test' build argument 'cmake_target_skip_unavailable' from command line to 'False'
[0.251s] Level 5:colcon.colcon_core.verb:set package 'nav_gazebo_test' build argument 'cmake_clean_cache' from command line to 'False'
[0.251s] Level 5:colcon.colcon_core.verb:set package 'nav_gazebo_test' build argument 'cmake_clean_first' from command line to 'False'
[0.251s] Level 5:colcon.colcon_core.verb:set package 'nav_gazebo_test' build argument 'cmake_force_configure' from command line to 'False'
[0.251s] Level 5:colcon.colcon_core.verb:set package 'nav_gazebo_test' build argument 'ament_cmake_args' from command line to 'None'
[0.251s] Level 5:colcon.colcon_core.verb:set package 'nav_gazebo_test' build argument 'catkin_cmake_args' from command line to 'None'
[0.251s] Level 5:colcon.colcon_core.verb:set package 'nav_gazebo_test' build argument 'catkin_skip_building_tests' from command line to 'False'
[0.251s] DEBUG:colcon.colcon_core.verb:Building package 'nav_gazebo_test' with the following arguments: {'ament_cmake_args': None, 'build_base': '/home/john/ros2_ws/build/nav_gazebo_test', 'catkin_cmake_args': None, 'catkin_skip_building_tests': False, 'cmake_args': None, 'cmake_clean_cache': False, 'cmake_clean_first': False, 'cmake_force_configure': False, 'cmake_target': None, 'cmake_target_skip_unavailable': False, 'install_base': '/home/john/ros2_ws/install/nav_gazebo_test', 'merge_install': False, 'path': '/home/john/ros2_ws/src/nav_gazebo_test', 'symlink_install': False, 'test_result_base': None}
[0.251s] Level 5:colcon.colcon_core.verb:set package 'nav_test' build argument 'cmake_args' from command line to 'None'
[0.251s] Level 5:colcon.colcon_core.verb:set package 'nav_test' build argument 'cmake_target' from command line to 'None'
[0.251s] Level 5:colcon.colcon_core.verb:set package 'nav_test' build argument 'cmake_target_skip_unavailable' from command line to 'False'
[0.251s] Level 5:colcon.colcon_core.verb:set package 'nav_test' build argument 'cmake_clean_cache' from command line to 'False'
[0.251s] Level 5:colcon.colcon_core.verb:set package 'nav_test' build argument 'cmake_clean_first' from command line to 'False'
[0.251s] Level 5:colcon.colcon_core.verb:set package 'nav_test' build argument 'cmake_force_configure' from command line to 'False'
[0.251s] Level 5:colcon.colcon_core.verb:set package 'nav_test' build argument 'ament_cmake_args' from command line to 'None'
[0.251s] Level 5:colcon.colcon_core.verb:set package 'nav_test' build argument 'catkin_cmake_args' from command line to 'None'
[0.251s] Level 5:colcon.colcon_core.verb:set package 'nav_test' build argument 'catkin_skip_building_tests' from command line to 'False'
[0.251s] DEBUG:colcon.colcon_core.verb:Building package 'nav_test' with the following arguments: {'ament_cmake_args': None, 'build_base': '/home/john/ros2_ws/build/nav_test', 'catkin_cmake_args': None, 'catkin_skip_building_tests': False, 'cmake_args': None, 'cmake_clean_cache': False, 'cmake_clean_first': False, 'cmake_force_configure': False, 'cmake_target': None, 'cmake_target_skip_unavailable': False, 'install_base': '/home/john/ros2_ws/install/nav_test', 'merge_install': False, 'path': '/home/john/ros2_ws/src/nav_test', 'symlink_install': False, 'test_result_base': None}
[0.251s] Level 5:colcon.colcon_core.verb:set package 'gazebo_map_creator' build argument 'cmake_args' from command line to 'None'
[0.251s] Level 5:colcon.colcon_core.verb:set package 'gazebo_map_creator' build argument 'cmake_target' from command line to 'None'
[0.251s] Level 5:colcon.colcon_core.verb:set package 'gazebo_map_creator' build argument 'cmake_target_skip_unavailable' from command line to 'False'
[0.251s] Level 5:colcon.colcon_core.verb:set package 'gazebo_map_creator' build argument 'cmake_clean_cache' from command line to 'False'
[0.251s] Level 5:colcon.colcon_core.verb:set package 'gazebo_map_creator' build argument 'cmake_clean_first' from command line to 'False'
[0.251s] Level 5:colcon.colcon_core.verb:set package 'gazebo_map_creator' build argument 'cmake_force_configure' from command line to 'False'
[0.251s] Level 5:colcon.colcon_core.verb:set package 'gazebo_map_creator' build argument 'ament_cmake_args' from command line to 'None'
[0.251s] Level 5:colcon.colcon_core.verb:set package 'gazebo_map_creator' build argument 'catkin_cmake_args' from command line to 'None'
[0.251s] Level 5:colcon.colcon_core.verb:set package 'gazebo_map_creator' build argument 'catkin_skip_building_tests' from command line to 'False'
[0.251s] DEBUG:colcon.colcon_core.verb:Building package 'gazebo_map_creator' with the following arguments: {'ament_cmake_args': None, 'build_base': '/home/john/ros2_ws/build/gazebo_map_creator', 'catkin_cmake_args': None, 'catkin_skip_building_tests': False, 'cmake_args': None, 'cmake_clean_cache': False, 'cmake_clean_first': False, 'cmake_force_configure': False, 'cmake_target': None, 'cmake_target_skip_unavailable': False, 'install_base': '/home/john/ros2_ws/install/gazebo_map_creator', 'merge_install': False, 'path': '/home/john/ros2_ws/src/gazebo_map_creator/gazebo_map_creator', 'symlink_install': False, 'test_result_base': None}
[0.251s] INFO:colcon.colcon_core.executor:Executing jobs using 'parallel' executor
[0.252s] DEBUG:colcon.colcon_parallel_executor.executor.parallel:run_until_complete
[0.252s] INFO:colcon.colcon_ros.task.ament_cmake.build:Building ROS package in '/home/john/ros2_ws/src/gazebo_map_creator/gazebo_map_creator_interface' with build type 'ament_cmake'
[0.252s] INFO:colcon.colcon_cmake.task.cmake.build:Building CMake package in '/home/john/ros2_ws/src/gazebo_map_creator/gazebo_map_creator_interface'
[0.254s] INFO:colcon.colcon_core.plugin_system:Skipping extension 'colcon_core.shell.bat': Not used on non-Windows systems
[0.254s] INFO:colcon.colcon_core.shell:Skip shell extension 'powershell' for command environment: Not usable outside of PowerShell
[0.254s] DEBUG:colcon.colcon_core.shell:Skip shell extension 'dsv' for command environment
[0.256s] INFO:colcon.colcon_ros.task.ament_cmake.build:Building ROS package in '/home/john/ros2_ws/src/boxing_bot_description' with build type 'ament_cmake'
[0.256s] INFO:colcon.colcon_cmake.task.cmake.build:Building CMake package in '/home/john/ros2_ws/src/boxing_bot_description'
[0.256s] INFO:colcon.colcon_core.shell:Skip shell extension 'powershell' for command environment: Not usable outside of PowerShell
[0.256s] DEBUG:colcon.colcon_core.shell:Skip shell extension 'dsv' for command environment
[0.257s] INFO:colcon.colcon_ros.task.ament_python.build:Building ROS package in '/home/john/ros2_ws/src/nav_gazebo_test' with build type 'ament_python'
[0.257s] Level 1:colcon.colcon_core.shell:create_environment_hook('nav_gazebo_test', 'ament_prefix_path')
[0.257s] INFO:colcon.colcon_core.shell:Creating environment hook '/home/john/ros2_ws/install/nav_gazebo_test/share/nav_gazebo_test/hook/ament_prefix_path.ps1'
[0.258s] INFO:colcon.colcon_core.shell:Creating environment descriptor '/home/john/ros2_ws/install/nav_gazebo_test/share/nav_gazebo_test/hook/ament_prefix_path.dsv'
[0.258s] INFO:colcon.colcon_core.shell:Creating environment hook '/home/john/ros2_ws/install/nav_gazebo_test/share/nav_gazebo_test/hook/ament_prefix_path.sh'
[0.258s] INFO:colcon.colcon_core.shell:Skip shell extension 'powershell' for command environment: Not usable outside of PowerShell
[0.258s] DEBUG:colcon.colcon_core.shell:Skip shell extension 'dsv' for command environment
[0.259s] INFO:colcon.colcon_ros.task.ament_python.build:Building ROS package in '/home/john/ros2_ws/src/nav_test' with build type 'ament_python'
[0.259s] Level 1:colcon.colcon_core.shell:create_environment_hook('nav_test', 'ament_prefix_path')
[0.260s] INFO:colcon.colcon_core.shell:Creating environment hook '/home/john/ros2_ws/install/nav_test/share/nav_test/hook/ament_prefix_path.ps1'
[0.260s] INFO:colcon.colcon_core.shell:Creating environment descriptor '/home/john/ros2_ws/install/nav_test/share/nav_test/hook/ament_prefix_path.dsv'
[0.260s] INFO:colcon.colcon_core.shell:Creating environment hook '/home/john/ros2_ws/install/nav_test/share/nav_test/hook/ament_prefix_path.sh'
[0.260s] INFO:colcon.colcon_core.shell:Skip shell extension 'powershell' for command environment: Not usable outside of PowerShell
[0.260s] DEBUG:colcon.colcon_core.shell:Skip shell extension 'dsv' for command environment
[0.263s] DEBUG:colcon.colcon_core.event_handler.log_command:Invoking command in '/home/john/ros2_ws/build/gazebo_map_creator_interface': CMAKE_PREFIX_PATH=${CMAKE_PREFIX_PATH}:/home/john/ros2_ws/install/nav_test:/home/john/ros2_ws/install/nav_gazebo_test:/opt/ros/humble /usr/bin/cmake --build /home/john/ros2_ws/build/gazebo_map_creator_interface -- -j28 -l28
[0.265s] DEBUG:colcon.colcon_core.event_handler.log_command:Invoking command in '/home/john/ros2_ws/build/boxing_bot_description': CMAKE_PREFIX_PATH=${CMAKE_PREFIX_PATH}:/home/john/ros2_ws/install/nav_test:/home/john/ros2_ws/install/nav_gazebo_test:/opt/ros/humble /usr/bin/cmake --build /home/john/ros2_ws/build/boxing_bot_description -- -j28 -l28
[0.369s] INFO:colcon.colcon_core.task.python.build:Building Python package in '/home/john/ros2_ws/src/nav_gazebo_test'
[0.369s] INFO:colcon.colcon_core.shell:Skip shell extension 'powershell' for command environment: Not usable outside of PowerShell
[0.369s] DEBUG:colcon.colcon_core.shell:Skip shell extension 'dsv' for command environment
[0.478s] INFO:colcon.colcon_core.task.python.build:Building Python package in '/home/john/ros2_ws/src/nav_test'
[0.479s] INFO:colcon.colcon_core.shell:Skip shell extension 'powershell' for command environment: Not usable outside of PowerShell
[0.479s] DEBUG:colcon.colcon_core.shell:Skip shell extension 'dsv' for command environment
[0.481s] DEBUG:colcon.colcon_core.event_handler.log_command:Invoked command in '/home/john/ros2_ws/build/boxing_bot_description' returned '0': CMAKE_PREFIX_PATH=${CMAKE_PREFIX_PATH}:/home/john/ros2_ws/install/nav_test:/home/john/ros2_ws/install/nav_gazebo_test:/opt/ros/humble /usr/bin/cmake --build /home/john/ros2_ws/build/boxing_bot_description -- -j28 -l28
[0.483s] DEBUG:colcon.colcon_core.event_handler.log_command:Invoked command in '/home/john/ros2_ws/build/gazebo_map_creator_interface' returned '0': CMAKE_PREFIX_PATH=${CMAKE_PREFIX_PATH}:/home/john/ros2_ws/install/nav_test:/home/john/ros2_ws/install/nav_gazebo_test:/opt/ros/humble /usr/bin/cmake --build /home/john/ros2_ws/build/gazebo_map_creator_interface -- -j28 -l28
[0.494s] DEBUG:colcon.colcon_core.event_handler.log_command:Invoking command in '/home/john/ros2_ws/build/boxing_bot_description': CMAKE_PREFIX_PATH=${CMAKE_PREFIX_PATH}:/home/john/ros2_ws/install/nav_test:/home/john/ros2_ws/install/nav_gazebo_test:/opt/ros/humble /usr/bin/cmake --install /home/john/ros2_ws/build/boxing_bot_description
[0.498s] Level 1:colcon.colcon_core.environment:create_environment_scripts_only(boxing_bot_description)
[0.498s] DEBUG:colcon.colcon_core.event_handler.log_command:Invoked command in '/home/john/ros2_ws/build/boxing_bot_description' returned '0': CMAKE_PREFIX_PATH=${CMAKE_PREFIX_PATH}:/home/john/ros2_ws/install/nav_test:/home/john/ros2_ws/install/nav_gazebo_test:/opt/ros/humble /usr/bin/cmake --install /home/john/ros2_ws/build/boxing_bot_description
[0.501s] Level 1:colcon.colcon_core.environment:checking '/home/john/ros2_ws/install/boxing_bot_description' for CMake module files
[0.502s] Level 1:colcon.colcon_core.environment:checking '/home/john/ros2_ws/install/boxing_bot_description' for CMake config files
[0.502s] Level 1:colcon.colcon_core.shell:create_environment_hook('boxing_bot_description', 'cmake_prefix_path')
[0.502s] INFO:colcon.colcon_core.shell:Creating environment hook '/home/john/ros2_ws/install/boxing_bot_description/share/boxing_bot_description/hook/cmake_prefix_path.ps1'
[0.503s] INFO:colcon.colcon_core.shell:Creating environment descriptor '/home/john/ros2_ws/install/boxing_bot_description/share/boxing_bot_description/hook/cmake_prefix_path.dsv'
[0.503s] INFO:colcon.colcon_core.shell:Creating environment hook '/home/john/ros2_ws/install/boxing_bot_description/share/boxing_bot_description/hook/cmake_prefix_path.sh'
[0.503s] Level 1:colcon.colcon_core.environment:checking '/home/john/ros2_ws/install/boxing_bot_description/bin'
[0.503s] Level 1:colcon.colcon_core.environment:checking '/home/john/ros2_ws/install/boxing_bot_description/lib/pkgconfig/boxing_bot_description.pc'
[0.503s] Level 1:colcon.colcon_core.environment:checking '/home/john/ros2_ws/install/boxing_bot_description/lib/python3.10/site-packages'
[0.503s] Level 1:colcon.colcon_core.environment:checking '/home/john/ros2_ws/install/boxing_bot_description/bin'
[0.504s] INFO:colcon.colcon_core.shell:Creating package script '/home/john/ros2_ws/install/boxing_bot_description/share/boxing_bot_description/package.ps1'
[0.504s] INFO:colcon.colcon_core.shell:Creating package descriptor '/home/john/ros2_ws/install/boxing_bot_description/share/boxing_bot_description/package.dsv'
[0.505s] INFO:colcon.colcon_core.shell:Creating package script '/home/john/ros2_ws/install/boxing_bot_description/share/boxing_bot_description/package.sh'
[0.505s] INFO:colcon.colcon_core.shell:Creating package script '/home/john/ros2_ws/install/boxing_bot_description/share/boxing_bot_description/package.bash'
[0.506s] INFO:colcon.colcon_core.shell:Creating package script '/home/john/ros2_ws/install/boxing_bot_description/share/boxing_bot_description/package.zsh'
[0.507s] Level 1:colcon.colcon_core.environment:create_file_with_runtime_dependencies(/home/john/ros2_ws/install/boxing_bot_description/share/colcon-core/packages/boxing_bot_description)
[0.508s] DEBUG:colcon.colcon_core.event_handler.log_command:Invoking command in '/home/john/ros2_ws/build/gazebo_map_creator_interface': CMAKE_PREFIX_PATH=${CMAKE_PREFIX_PATH}:/home/john/ros2_ws/install/nav_test:/home/john/ros2_ws/install/nav_gazebo_test:/opt/ros/humble /usr/bin/cmake --install /home/john/ros2_ws/build/gazebo_map_creator_interface
[0.516s] Level 1:colcon.colcon_core.environment:create_environment_scripts_only(boxing_bot_description)
[0.516s] Level 1:colcon.colcon_core.environment:checking '/home/john/ros2_ws/install/boxing_bot_description' for CMake module files
[0.517s] Level 1:colcon.colcon_core.environment:checking '/home/john/ros2_ws/install/boxing_bot_description' for CMake config files
[0.517s] Level 1:colcon.colcon_core.shell:create_environment_hook('boxing_bot_description', 'cmake_prefix_path')
[0.517s] INFO:colcon.colcon_core.shell:Creating environment hook '/home/john/ros2_ws/install/boxing_bot_description/share/boxing_bot_description/hook/cmake_prefix_path.ps1'
[0.517s] INFO:colcon.colcon_core.shell:Creating environment descriptor '/home/john/ros2_ws/install/boxing_bot_description/share/boxing_bot_description/hook/cmake_prefix_path.dsv'
[0.517s] INFO:colcon.colcon_core.shell:Creating environment hook '/home/john/ros2_ws/install/boxing_bot_description/share/boxing_bot_description/hook/cmake_prefix_path.sh'
[0.518s] Level 1:colcon.colcon_core.environment:checking '/home/john/ros2_ws/install/boxing_bot_description/bin'
[0.518s] Level 1:colcon.colcon_core.environment:checking '/home/john/ros2_ws/install/boxing_bot_description/lib/pkgconfig/boxing_bot_description.pc'
[0.518s] Level 1:colcon.colcon_core.environment:checking '/home/john/ros2_ws/install/boxing_bot_description/lib/python3.10/site-packages'
[0.518s] Level 1:colcon.colcon_core.environment:checking '/home/john/ros2_ws/install/boxing_bot_description/bin'
[0.518s] INFO:colcon.colcon_core.shell:Creating package script '/home/john/ros2_ws/install/boxing_bot_description/share/boxing_bot_description/package.ps1'
[0.519s] INFO:colcon.colcon_core.shell:Creating package descriptor '/home/john/ros2_ws/install/boxing_bot_description/share/boxing_bot_description/package.dsv'
[0.519s] INFO:colcon.colcon_core.shell:Creating package script '/home/john/ros2_ws/install/boxing_bot_description/share/boxing_bot_description/package.sh'
[0.519s] INFO:colcon.colcon_core.shell:Creating package script '/home/john/ros2_ws/install/boxing_bot_description/share/boxing_bot_description/package.bash'
[0.519s] INFO:colcon.colcon_core.shell:Creating package script '/home/john/ros2_ws/install/boxing_bot_description/share/boxing_bot_description/package.zsh'
[0.520s] Level 1:colcon.colcon_core.environment:create_file_with_runtime_dependencies(/home/john/ros2_ws/install/boxing_bot_description/share/colcon-core/packages/boxing_bot_description)
[0.536s] Level 1:colcon.colcon_core.environment:create_environment_scripts_only(gazebo_map_creator_interface)
[0.536s] DEBUG:colcon.colcon_core.event_handler.log_command:Invoked command in '/home/john/ros2_ws/build/gazebo_map_creator_interface' returned '0': CMAKE_PREFIX_PATH=${CMAKE_PREFIX_PATH}:/home/john/ros2_ws/install/nav_test:/home/john/ros2_ws/install/nav_gazebo_test:/opt/ros/humble /usr/bin/cmake --install /home/john/ros2_ws/build/gazebo_map_creator_interface
[0.536s] Level 1:colcon.colcon_core.environment:checking '/home/john/ros2_ws/install/gazebo_map_creator_interface' for CMake module files
[0.537s] Level 1:colcon.colcon_core.environment:checking '/home/john/ros2_ws/install/gazebo_map_creator_interface' for CMake config files
[0.537s] Level 1:colcon.colcon_core.shell:create_environment_hook('gazebo_map_creator_interface', 'cmake_prefix_path')
[0.537s] INFO:colcon.colcon_core.shell:Creating environment hook '/home/john/ros2_ws/install/gazebo_map_creator_interface/share/gazebo_map_creator_interface/hook/cmake_prefix_path.ps1'
[0.537s] INFO:colcon.colcon_core.shell:Creating environment descriptor '/home/john/ros2_ws/install/gazebo_map_creator_interface/share/gazebo_map_creator_interface/hook/cmake_prefix_path.dsv'
[0.537s] INFO:colcon.colcon_core.shell:Creating environment hook '/home/john/ros2_ws/install/gazebo_map_creator_interface/share/gazebo_map_creator_interface/hook/cmake_prefix_path.sh'
[0.538s] Level 1:colcon.colcon_core.environment:checking '/home/john/ros2_ws/install/gazebo_map_creator_interface/lib'
[0.538s] Level 1:colcon.colcon_core.shell:create_environment_hook('gazebo_map_creator_interface', 'ld_library_path_lib')
[0.538s] INFO:colcon.colcon_core.shell:Creating environment hook '/home/john/ros2_ws/install/gazebo_map_creator_interface/share/gazebo_map_creator_interface/hook/ld_library_path_lib.ps1'
[0.538s] INFO:colcon.colcon_core.shell:Creating environment descriptor '/home/john/ros2_ws/install/gazebo_map_creator_interface/share/gazebo_map_creator_interface/hook/ld_library_path_lib.dsv'
[0.538s] INFO:colcon.colcon_core.shell:Creating environment hook '/home/john/ros2_ws/install/gazebo_map_creator_interface/share/gazebo_map_creator_interface/hook/ld_library_path_lib.sh'
[0.538s] Level 1:colcon.colcon_core.environment:checking '/home/john/ros2_ws/install/gazebo_map_creator_interface/bin'
[0.538s] Level 1:colcon.colcon_core.environment:checking '/home/john/ros2_ws/install/gazebo_map_creator_interface/lib/pkgconfig/gazebo_map_creator_interface.pc'
[0.538s] Level 1:colcon.colcon_core.environment:checking '/home/john/ros2_ws/install/gazebo_map_creator_interface/lib/python3.10/site-packages'
[0.538s] Level 1:colcon.colcon_core.environment:checking '/home/john/ros2_ws/install/gazebo_map_creator_interface/bin'
[0.539s] INFO:colcon.colcon_core.shell:Creating package script '/home/john/ros2_ws/install/gazebo_map_creator_interface/share/gazebo_map_creator_interface/package.ps1'
[0.539s] INFO:colcon.colcon_core.shell:Creating package descriptor '/home/john/ros2_ws/install/gazebo_map_creator_interface/share/gazebo_map_creator_interface/package.dsv'
[0.539s] INFO:colcon.colcon_core.shell:Creating package script '/home/john/ros2_ws/install/gazebo_map_creator_interface/share/gazebo_map_creator_interface/package.sh'
[0.539s] INFO:colcon.colcon_core.shell:Creating package script '/home/john/ros2_ws/install/gazebo_map_creator_interface/share/gazebo_map_creator_interface/package.bash'
[0.539s] INFO:colcon.colcon_core.shell:Creating package script '/home/john/ros2_ws/install/gazebo_map_creator_interface/share/gazebo_map_creator_interface/package.zsh'
[0.539s] Level 1:colcon.colcon_core.environment:create_file_with_runtime_dependencies(/home/john/ros2_ws/install/gazebo_map_creator_interface/share/colcon-core/packages/gazebo_map_creator_interface)
[0.561s] Level 1:colcon.colcon_core.environment:create_environment_scripts_only(gazebo_map_creator_interface)
[0.561s] Level 1:colcon.colcon_core.environment:checking '/home/john/ros2_ws/install/gazebo_map_creator_interface' for CMake module files
[0.562s] Level 1:colcon.colcon_core.environment:checking '/home/john/ros2_ws/install/gazebo_map_creator_interface' for CMake config files
[0.562s] Level 1:colcon.colcon_core.shell:create_environment_hook('gazebo_map_creator_interface', 'cmake_prefix_path')
[0.562s] INFO:colcon.colcon_core.shell:Creating environment hook '/home/john/ros2_ws/install/gazebo_map_creator_interface/share/gazebo_map_creator_interface/hook/cmake_prefix_path.ps1'
[0.562s] INFO:colcon.colcon_core.shell:Creating environment descriptor '/home/john/ros2_ws/install/gazebo_map_creator_interface/share/gazebo_map_creator_interface/hook/cmake_prefix_path.dsv'
[0.562s] INFO:colcon.colcon_core.shell:Creating environment hook '/home/john/ros2_ws/install/gazebo_map_creator_interface/share/gazebo_map_creator_interface/hook/cmake_prefix_path.sh'
[0.562s] Level 1:colcon.colcon_core.environment:checking '/home/john/ros2_ws/install/gazebo_map_creator_interface/lib'
[0.562s] Level 1:colcon.colcon_core.shell:create_environment_hook('gazebo_map_creator_interface', 'ld_library_path_lib')
[0.562s] INFO:colcon.colcon_core.shell:Creating environment hook '/home/john/ros2_ws/install/gazebo_map_creator_interface/share/gazebo_map_creator_interface/hook/ld_library_path_lib.ps1'
[0.563s] INFO:colcon.colcon_core.shell:Creating environment descriptor '/home/john/ros2_ws/install/gazebo_map_creator_interface/share/gazebo_map_creator_interface/hook/ld_library_path_lib.dsv'
[0.563s] INFO:colcon.colcon_core.shell:Creating environment hook '/home/john/ros2_ws/install/gazebo_map_creator_interface/share/gazebo_map_creator_interface/hook/ld_library_path_lib.sh'
[0.563s] Level 1:colcon.colcon_core.environment:checking '/home/john/ros2_ws/install/gazebo_map_creator_interface/bin'
[0.563s] Level 1:colcon.colcon_core.environment:checking '/home/john/ros2_ws/install/gazebo_map_creator_interface/lib/pkgconfig/gazebo_map_creator_interface.pc'
[0.563s] Level 1:colcon.colcon_core.environment:checking '/home/john/ros2_ws/install/gazebo_map_creator_interface/lib/python3.10/site-packages'
[0.563s] Level 1:colcon.colcon_core.environment:checking '/home/john/ros2_ws/install/gazebo_map_creator_interface/bin'
[0.563s] INFO:colcon.colcon_core.shell:Creating package script '/home/john/ros2_ws/install/gazebo_map_creator_interface/share/gazebo_map_creator_interface/package.ps1'
[0.563s] INFO:colcon.colcon_core.shell:Creating package descriptor '/home/john/ros2_ws/install/gazebo_map_creator_interface/share/gazebo_map_creator_interface/package.dsv'
[0.563s] INFO:colcon.colcon_core.shell:Creating package script '/home/john/ros2_ws/install/gazebo_map_creator_interface/share/gazebo_map_creator_interface/package.sh'
[0.564s] INFO:colcon.colcon_core.shell:Creating package script '/home/john/ros2_ws/install/gazebo_map_creator_interface/share/gazebo_map_creator_interface/package.bash'
[0.564s] INFO:colcon.colcon_core.shell:Creating package script '/home/john/ros2_ws/install/gazebo_map_creator_interface/share/gazebo_map_creator_interface/package.zsh'
[0.564s] Level 1:colcon.colcon_core.environment:create_file_with_runtime_dependencies(/home/john/ros2_ws/install/gazebo_map_creator_interface/share/colcon-core/packages/gazebo_map_creator_interface)
[0.564s] INFO:colcon.colcon_ros.task.ament_cmake.build:Building ROS package in '/home/john/ros2_ws/src/gazebo_map_creator/gazebo_map_creator' with build type 'ament_cmake'
[0.564s] INFO:colcon.colcon_cmake.task.cmake.build:Building CMake package in '/home/john/ros2_ws/src/gazebo_map_creator/gazebo_map_creator'
[0.564s] INFO:colcon.colcon_core.shell:Skip shell extension 'powershell' for command environment: Not usable outside of PowerShell
[0.564s] DEBUG:colcon.colcon_core.shell:Skip shell extension 'dsv' for command environment
[0.569s] DEBUG:colcon.colcon_core.event_handler.log_command:Invoking command in '/home/john/ros2_ws/build/gazebo_map_creator': CMAKE_PREFIX_PATH=/home/john/ros2_ws/install/gazebo_map_creator_interface:/home/john/ros2_ws/install/gazebo_map_creator:/home/john/ros2_ws/install/boxing_bot_description:/home/john/ros2_ws/install/nav_test:/home/john/ros2_ws/install/nav_gazebo_test:/opt/ros/humble LD_LIBRARY_PATH=/home/john/ros2_ws/install/gazebo_map_creator_interface/lib:/home/john/ros2_ws/install/gazebo_map_creator/lib:/usr/lib/x86_64-linux-gnu/gazebo-11/plugins:/opt/ros/humble/opt/rviz_ogre_vendor/lib:/opt/ros/humble/lib/x86_64-linux-gnu:/opt/ros/humble/lib:/usr/local/cuda-11.8/lib64 /usr/bin/cmake --build /home/john/ros2_ws/build/gazebo_map_creator -- -j28 -l28
[0.657s] DEBUG:colcon.colcon_core.event_handler.log_command:Invoked command in '/home/john/ros2_ws/build/gazebo_map_creator' returned '0': CMAKE_PREFIX_PATH=/home/john/ros2_ws/install/gazebo_map_creator_interface:/home/john/ros2_ws/install/gazebo_map_creator:/home/john/ros2_ws/install/boxing_bot_description:/home/john/ros2_ws/install/nav_test:/home/john/ros2_ws/install/nav_gazebo_test:/opt/ros/humble LD_LIBRARY_PATH=/home/john/ros2_ws/install/gazebo_map_creator_interface/lib:/home/john/ros2_ws/install/gazebo_map_creator/lib:/usr/lib/x86_64-linux-gnu/gazebo-11/plugins:/opt/ros/humble/opt/rviz_ogre_vendor/lib:/opt/ros/humble/lib/x86_64-linux-gnu:/opt/ros/humble/lib:/usr/local/cuda-11.8/lib64 /usr/bin/cmake --build /home/john/ros2_ws/build/gazebo_map_creator -- -j28 -l28
[0.669s] DEBUG:colcon.colcon_core.event_handler.log_command:Invoking command in '/home/john/ros2_ws/build/gazebo_map_creator': CMAKE_PREFIX_PATH=/home/john/ros2_ws/install/gazebo_map_creator_interface:/home/john/ros2_ws/install/gazebo_map_creator:/home/john/ros2_ws/install/boxing_bot_description:/home/john/ros2_ws/install/nav_test:/home/john/ros2_ws/install/nav_gazebo_test:/opt/ros/humble LD_LIBRARY_PATH=/home/john/ros2_ws/install/gazebo_map_creator_interface/lib:/home/john/ros2_ws/install/gazebo_map_creator/lib:/usr/lib/x86_64-linux-gnu/gazebo-11/plugins:/opt/ros/humble/opt/rviz_ogre_vendor/lib:/opt/ros/humble/lib/x86_64-linux-gnu:/opt/ros/humble/lib:/usr/local/cuda-11.8/lib64 /usr/bin/cmake --install /home/john/ros2_ws/build/gazebo_map_creator
[0.674s] Level 1:colcon.colcon_core.environment:create_environment_scripts_only(gazebo_map_creator)
[0.674s] Level 1:colcon.colcon_core.environment:checking '/home/john/ros2_ws/install/gazebo_map_creator' for CMake module files
[0.674s] DEBUG:colcon.colcon_core.event_handler.log_command:Invoked command in '/home/john/ros2_ws/build/gazebo_map_creator' returned '0': CMAKE_PREFIX_PATH=/home/john/ros2_ws/install/gazebo_map_creator_interface:/home/john/ros2_ws/install/gazebo_map_creator:/home/john/ros2_ws/install/boxing_bot_description:/home/john/ros2_ws/install/nav_test:/home/john/ros2_ws/install/nav_gazebo_test:/opt/ros/humble LD_LIBRARY_PATH=/home/john/ros2_ws/install/gazebo_map_creator_interface/lib:/home/john/ros2_ws/install/gazebo_map_creator/lib:/usr/lib/x86_64-linux-gnu/gazebo-11/plugins:/opt/ros/humble/opt/rviz_ogre_vendor/lib:/opt/ros/humble/lib/x86_64-linux-gnu:/opt/ros/humble/lib:/usr/local/cuda-11.8/lib64 /usr/bin/cmake --install /home/john/ros2_ws/build/gazebo_map_creator
[0.675s] Level 1:colcon.colcon_core.environment:checking '/home/john/ros2_ws/install/gazebo_map_creator' for CMake config files
[0.675s] Level 1:colcon.colcon_core.shell:create_environment_hook('gazebo_map_creator', 'cmake_prefix_path')
[0.675s] INFO:colcon.colcon_core.shell:Creating environment hook '/home/john/ros2_ws/install/gazebo_map_creator/share/gazebo_map_creator/hook/cmake_prefix_path.ps1'
[0.675s] INFO:colcon.colcon_core.shell:Creating environment descriptor '/home/john/ros2_ws/install/gazebo_map_creator/share/gazebo_map_creator/hook/cmake_prefix_path.dsv'
[0.676s] INFO:colcon.colcon_core.shell:Creating environment hook '/home/john/ros2_ws/install/gazebo_map_creator/share/gazebo_map_creator/hook/cmake_prefix_path.sh'
[0.676s] Level 1:colcon.colcon_core.environment:checking '/home/john/ros2_ws/install/gazebo_map_creator/lib'
[0.676s] Level 1:colcon.colcon_core.shell:create_environment_hook('gazebo_map_creator', 'ld_library_path_lib')
[0.676s] INFO:colcon.colcon_core.shell:Creating environment hook '/home/john/ros2_ws/install/gazebo_map_creator/share/gazebo_map_creator/hook/ld_library_path_lib.ps1'
[0.676s] INFO:colcon.colcon_core.shell:Creating environment descriptor '/home/john/ros2_ws/install/gazebo_map_creator/share/gazebo_map_creator/hook/ld_library_path_lib.dsv'
[0.677s] INFO:colcon.colcon_core.shell:Creating environment hook '/home/john/ros2_ws/install/gazebo_map_creator/share/gazebo_map_creator/hook/ld_library_path_lib.sh'
[0.677s] Level 1:colcon.colcon_core.environment:checking '/home/john/ros2_ws/install/gazebo_map_creator/bin'
[0.677s] Level 1:colcon.colcon_core.environment:checking '/home/john/ros2_ws/install/gazebo_map_creator/lib/pkgconfig/gazebo_map_creator.pc'
[0.677s] Level 1:colcon.colcon_core.environment:checking '/home/john/ros2_ws/install/gazebo_map_creator/lib/python3.10/site-packages'
[0.677s] Level 1:colcon.colcon_core.environment:checking '/home/john/ros2_ws/install/gazebo_map_creator/bin'
[0.678s] INFO:colcon.colcon_core.shell:Creating package script '/home/john/ros2_ws/install/gazebo_map_creator/share/gazebo_map_creator/package.ps1'
[0.678s] INFO:colcon.colcon_core.shell:Creating package descriptor '/home/john/ros2_ws/install/gazebo_map_creator/share/gazebo_map_creator/package.dsv'
[0.678s] INFO:colcon.colcon_core.shell:Creating package script '/home/john/ros2_ws/install/gazebo_map_creator/share/gazebo_map_creator/package.sh'
[0.678s] INFO:colcon.colcon_core.shell:Creating package script '/home/john/ros2_ws/install/gazebo_map_creator/share/gazebo_map_creator/package.bash'
[0.679s] INFO:colcon.colcon_core.shell:Creating package script '/home/john/ros2_ws/install/gazebo_map_creator/share/gazebo_map_creator/package.zsh'
[0.679s] Level 1:colcon.colcon_core.environment:create_file_with_runtime_dependencies(/home/john/ros2_ws/install/gazebo_map_creator/share/colcon-core/packages/gazebo_map_creator)
[0.683s] DEBUG:colcon.colcon_core.event_handler.log_command:Invoking command in '/home/john/ros2_ws/src/nav_test': PYTHONPATH=/home/john/ros2_ws/build/nav_test/prefix_override:/home/john/ros2_ws/install/nav_test/lib/python3.10/site-packages:${PYTHONPATH} /usr/bin/python3 -W ignore:setup.py install is deprecated setup.py egg_info --egg-base ../../build/nav_test build --build-base /home/john/ros2_ws/build/nav_test/build install --record /home/john/ros2_ws/build/nav_test/install.log --single-version-externally-managed install_data
[0.685s] DEBUG:colcon.colcon_core.event_handler.log_command:Invoking command in '/home/john/ros2_ws/src/nav_gazebo_test': PYTHONPATH=/home/john/ros2_ws/build/nav_gazebo_test/prefix_override:/home/john/ros2_ws/install/nav_gazebo_test/lib/python3.10/site-packages:${PYTHONPATH} /usr/bin/python3 -W ignore:setup.py install is deprecated setup.py egg_info --egg-base ../../build/nav_gazebo_test build --build-base /home/john/ros2_ws/build/nav_gazebo_test/build install --record /home/john/ros2_ws/build/nav_gazebo_test/install.log --single-version-externally-managed install_data
[0.692s] Level 1:colcon.colcon_core.environment:create_environment_scripts_only(gazebo_map_creator)
[0.692s] Level 1:colcon.colcon_core.environment:checking '/home/john/ros2_ws/install/gazebo_map_creator' for CMake module files
[0.693s] Level 1:colcon.colcon_core.environment:checking '/home/john/ros2_ws/install/gazebo_map_creator' for CMake config files
[0.693s] Level 1:colcon.colcon_core.shell:create_environment_hook('gazebo_map_creator', 'cmake_prefix_path')
[0.693s] INFO:colcon.colcon_core.shell:Creating environment hook '/home/john/ros2_ws/install/gazebo_map_creator/share/gazebo_map_creator/hook/cmake_prefix_path.ps1'
[0.693s] INFO:colcon.colcon_core.shell:Creating environment descriptor '/home/john/ros2_ws/install/gazebo_map_creator/share/gazebo_map_creator/hook/cmake_prefix_path.dsv'
[0.693s] INFO:colcon.colcon_core.shell:Creating environment hook '/home/john/ros2_ws/install/gazebo_map_creator/share/gazebo_map_creator/hook/cmake_prefix_path.sh'
[0.694s] Level 1:colcon.colcon_core.environment:checking '/home/john/ros2_ws/install/gazebo_map_creator/lib'
[0.694s] Level 1:colcon.colcon_core.shell:create_environment_hook('gazebo_map_creator', 'ld_library_path_lib')
[0.694s] INFO:colcon.colcon_core.shell:Creating environment hook '/home/john/ros2_ws/install/gazebo_map_creator/share/gazebo_map_creator/hook/ld_library_path_lib.ps1'
[0.694s] INFO:colcon.colcon_core.shell:Creating environment descriptor '/home/john/ros2_ws/install/gazebo_map_creator/share/gazebo_map_creator/hook/ld_library_path_lib.dsv'
[0.694s] INFO:colcon.colcon_core.shell:Creating environment hook '/home/john/ros2_ws/install/gazebo_map_creator/share/gazebo_map_creator/hook/ld_library_path_lib.sh'
[0.694s] Level 1:colcon.colcon_core.environment:checking '/home/john/ros2_ws/install/gazebo_map_creator/bin'
[0.694s] Level 1:colcon.colcon_core.environment:checking '/home/john/ros2_ws/install/gazebo_map_creator/lib/pkgconfig/gazebo_map_creator.pc'
[0.694s] Level 1:colcon.colcon_core.environment:checking '/home/john/ros2_ws/install/gazebo_map_creator/lib/python3.10/site-packages'
[0.694s] Level 1:colcon.colcon_core.environment:checking '/home/john/ros2_ws/install/gazebo_map_creator/bin'
[0.694s] INFO:colcon.colcon_core.shell:Creating package script '/home/john/ros2_ws/install/gazebo_map_creator/share/gazebo_map_creator/package.ps1'
[0.695s] INFO:colcon.colcon_core.shell:Creating package descriptor '/home/john/ros2_ws/install/gazebo_map_creator/share/gazebo_map_creator/package.dsv'
[0.695s] INFO:colcon.colcon_core.shell:Creating package script '/home/john/ros2_ws/install/gazebo_map_creator/share/gazebo_map_creator/package.sh'
[0.695s] INFO:colcon.colcon_core.shell:Creating package script '/home/john/ros2_ws/install/gazebo_map_creator/share/gazebo_map_creator/package.bash'
[0.695s] INFO:colcon.colcon_core.shell:Creating package script '/home/john/ros2_ws/install/gazebo_map_creator/share/gazebo_map_creator/package.zsh'
[0.695s] Level 1:colcon.colcon_core.environment:create_file_with_runtime_dependencies(/home/john/ros2_ws/install/gazebo_map_creator/share/colcon-core/packages/gazebo_map_creator)
[0.805s] Level 1:colcon.colcon_core.environment:checking '/home/john/ros2_ws/install/nav_test' for CMake module files
[0.806s] DEBUG:colcon.colcon_core.event_handler.log_command:Invoked command in '/home/john/ros2_ws/src/nav_test' returned '0': PYTHONPATH=/home/john/ros2_ws/build/nav_test/prefix_override:/home/john/ros2_ws/install/nav_test/lib/python3.10/site-packages:${PYTHONPATH} /usr/bin/python3 -W ignore:setup.py install is deprecated setup.py egg_info --egg-base ../../build/nav_test build --build-base /home/john/ros2_ws/build/nav_test/build install --record /home/john/ros2_ws/build/nav_test/install.log --single-version-externally-managed install_data
[0.806s] Level 1:colcon.colcon_core.environment:checking '/home/john/ros2_ws/install/nav_test' for CMake config files
[0.806s] Level 1:colcon.colcon_core.environment:checking '/home/john/ros2_ws/install/nav_test/lib'
[0.806s] Level 1:colcon.colcon_core.environment:checking '/home/john/ros2_ws/install/nav_test/bin'
[0.806s] Level 1:colcon.colcon_core.environment:checking '/home/john/ros2_ws/install/nav_test/lib/pkgconfig/nav_test.pc'
[0.806s] Level 1:colcon.colcon_core.environment:checking '/home/john/ros2_ws/install/nav_test/lib/python3.10/site-packages'
[0.806s] Level 1:colcon.colcon_core.shell:create_environment_hook('nav_test', 'pythonpath')
[0.807s] INFO:colcon.colcon_core.shell:Creating environment hook '/home/john/ros2_ws/install/nav_test/share/nav_test/hook/pythonpath.ps1'
[0.807s] INFO:colcon.colcon_core.shell:Creating environment descriptor '/home/john/ros2_ws/install/nav_test/share/nav_test/hook/pythonpath.dsv'
[0.807s] INFO:colcon.colcon_core.shell:Creating environment hook '/home/john/ros2_ws/install/nav_test/share/nav_test/hook/pythonpath.sh'
[0.807s] Level 1:colcon.colcon_core.environment:checking '/home/john/ros2_ws/install/nav_test/bin'
[0.807s] Level 1:colcon.colcon_core.environment:create_environment_scripts_only(nav_test)
[0.807s] INFO:colcon.colcon_core.shell:Creating package script '/home/john/ros2_ws/install/nav_test/share/nav_test/package.ps1'
[0.807s] INFO:colcon.colcon_core.shell:Creating package descriptor '/home/john/ros2_ws/install/nav_test/share/nav_test/package.dsv'
[0.808s] INFO:colcon.colcon_core.shell:Creating package script '/home/john/ros2_ws/install/nav_test/share/nav_test/package.sh'
[0.808s] INFO:colcon.colcon_core.shell:Creating package script '/home/john/ros2_ws/install/nav_test/share/nav_test/package.bash'
[0.808s] INFO:colcon.colcon_core.shell:Creating package script '/home/john/ros2_ws/install/nav_test/share/nav_test/package.zsh'
[0.808s] Level 1:colcon.colcon_core.environment:create_file_with_runtime_dependencies(/home/john/ros2_ws/install/nav_test/share/colcon-core/packages/nav_test)
[0.808s] Level 1:colcon.colcon_core.environment:checking '/home/john/ros2_ws/install/nav_gazebo_test' for CMake module files
[0.809s] DEBUG:colcon.colcon_core.event_handler.log_command:Invoked command in '/home/john/ros2_ws/src/nav_gazebo_test' returned '0': PYTHONPATH=/home/john/ros2_ws/build/nav_gazebo_test/prefix_override:/home/john/ros2_ws/install/nav_gazebo_test/lib/python3.10/site-packages:${PYTHONPATH} /usr/bin/python3 -W ignore:setup.py install is deprecated setup.py egg_info --egg-base ../../build/nav_gazebo_test build --build-base /home/john/ros2_ws/build/nav_gazebo_test/build install --record /home/john/ros2_ws/build/nav_gazebo_test/install.log --single-version-externally-managed install_data
[0.809s] Level 1:colcon.colcon_core.environment:checking '/home/john/ros2_ws/install/nav_gazebo_test' for CMake config files
[0.809s] Level 1:colcon.colcon_core.environment:checking '/home/john/ros2_ws/install/nav_gazebo_test/lib'
[0.809s] Level 1:colcon.colcon_core.environment:checking '/home/john/ros2_ws/install/nav_gazebo_test/bin'
[0.809s] Level 1:colcon.colcon_core.environment:checking '/home/john/ros2_ws/install/nav_gazebo_test/lib/pkgconfig/nav_gazebo_test.pc'
[0.809s] Level 1:colcon.colcon_core.environment:checking '/home/john/ros2_ws/install/nav_gazebo_test/lib/python3.10/site-packages'
[0.809s] Level 1:colcon.colcon_core.shell:create_environment_hook('nav_gazebo_test', 'pythonpath')
[0.809s] INFO:colcon.colcon_core.shell:Creating environment hook '/home/john/ros2_ws/install/nav_gazebo_test/share/nav_gazebo_test/hook/pythonpath.ps1'
[0.810s] INFO:colcon.colcon_core.shell:Creating environment descriptor '/home/john/ros2_ws/install/nav_gazebo_test/share/nav_gazebo_test/hook/pythonpath.dsv'
[0.810s] INFO:colcon.colcon_core.shell:Creating environment hook '/home/john/ros2_ws/install/nav_gazebo_test/share/nav_gazebo_test/hook/pythonpath.sh'
[0.810s] Level 1:colcon.colcon_core.environment:checking '/home/john/ros2_ws/install/nav_gazebo_test/bin'
[0.810s] Level 1:colcon.colcon_core.environment:create_environment_scripts_only(nav_gazebo_test)
[0.810s] INFO:colcon.colcon_core.shell:Creating package script '/home/john/ros2_ws/install/nav_gazebo_test/share/nav_gazebo_test/package.ps1'
[0.810s] INFO:colcon.colcon_core.shell:Creating package descriptor '/home/john/ros2_ws/install/nav_gazebo_test/share/nav_gazebo_test/package.dsv'
[0.810s] INFO:colcon.colcon_core.shell:Creating package script '/home/john/ros2_ws/install/nav_gazebo_test/share/nav_gazebo_test/package.sh'
[0.810s] INFO:colcon.colcon_core.shell:Creating package script '/home/john/ros2_ws/install/nav_gazebo_test/share/nav_gazebo_test/package.bash'
[0.810s] INFO:colcon.colcon_core.shell:Creating package script '/home/john/ros2_ws/install/nav_gazebo_test/share/nav_gazebo_test/package.zsh'
[0.811s] Level 1:colcon.colcon_core.environment:create_file_with_runtime_dependencies(/home/john/ros2_ws/install/nav_gazebo_test/share/colcon-core/packages/nav_gazebo_test)
[0.811s] DEBUG:colcon.colcon_parallel_executor.executor.parallel:closing loop
[0.811s] DEBUG:colcon.colcon_parallel_executor.executor.parallel:loop closed
[0.811s] DEBUG:colcon.colcon_parallel_executor.executor.parallel:run_until_complete finished with '0'
[0.811s] DEBUG:colcon.colcon_core.event_reactor:joining thread
[0.814s] INFO:colcon.colcon_core.plugin_system:Skipping extension 'colcon_notification.desktop_notification.terminal_notifier': Not used on non-Darwin systems
[0.814s] INFO:colcon.colcon_core.plugin_system:Skipping extension 'colcon_notification.desktop_notification.win32': Not used on non-Windows systems
[0.814s] INFO:colcon.colcon_notification.desktop_notification:Sending desktop notification using 'notify2'
[0.826s] DEBUG:colcon.colcon_core.event_reactor:joined thread
[0.826s] INFO:colcon.colcon_core.shell:Creating prefix script '/home/john/ros2_ws/install/local_setup.ps1'
[0.827s] INFO:colcon.colcon_core.shell:Creating prefix util module '/home/john/ros2_ws/install/_local_setup_util_ps1.py'
[0.827s] INFO:colcon.colcon_core.shell:Creating prefix chain script '/home/john/ros2_ws/install/setup.ps1'
[0.828s] INFO:colcon.colcon_core.shell:Creating prefix script '/home/john/ros2_ws/install/local_setup.sh'
[0.828s] INFO:colcon.colcon_core.shell:Creating prefix util module '/home/john/ros2_ws/install/_local_setup_util_sh.py'
[0.828s] INFO:colcon.colcon_core.shell:Creating prefix chain script '/home/john/ros2_ws/install/setup.sh'
[0.829s] INFO:colcon.colcon_core.shell:Creating prefix script '/home/john/ros2_ws/install/local_setup.bash'
[0.829s] INFO:colcon.colcon_core.shell:Creating prefix chain script '/home/john/ros2_ws/install/setup.bash'
[0.829s] INFO:colcon.colcon_core.shell:Creating prefix script '/home/john/ros2_ws/install/local_setup.zsh'
[0.830s] INFO:colcon.colcon_core.shell:Creating prefix chain script '/home/john/ros2_ws/install/setup.zsh'
