[0.008s] Invoking command in '/home/john/ros2_ws/build/boxing_bot_description': CMAKE_PREFIX_PATH=${CMAKE_PREFIX_PATH}:/home/john/ros2_ws/install/nav_test:/home/john/ros2_ws/install/nav_gazebo_test:/opt/ros/humble /usr/bin/cmake /home/john/ros2_ws/src/boxing_bot_description -DCMAKE_INSTALL_PREFIX=/home/john/ros2_ws/install/boxing_bot_description
[0.114s] -- The C compiler identification is GNU 11.4.0
[0.115s] -- The CXX compiler identification is GNU 11.4.0
[0.120s] -- Detecting C compiler ABI info
[0.152s] -- Detecting C compiler ABI info - done
[0.156s] -- Check for working C compiler: /usr/bin/cc - skipped
[0.156s] -- Detecting C compile features
[0.156s] -- Detecting C compile features - done
[0.158s] -- Detecting CXX compiler ABI info
[0.194s] -- Detecting CXX compiler ABI info - done
[0.197s] -- Check for working CXX compiler: /usr/bin/c++ - skipped
[0.197s] -- Detecting CXX compile features
[0.198s] -- Detecting CXX compile features - done
[0.199s] -- Found ament_cmake: 1.3.8 (/opt/ros/humble/share/ament_cmake/cmake)
[0.270s] -- Found Python3: /usr/bin/python3 (found version "3.10.12") found components: Interpreter 
[0.336s] -- Found ament_lint_auto: 0.12.10 (/opt/ros/humble/share/ament_lint_auto/cmake)
[0.390s] -- Added test 'flake8' to check Python code syntax and style conventions
[0.390s] -- Added test 'lint_cmake' to check CMake code style
[0.390s] -- Added test 'pep257' to check Python code against some of the docstring style conventions in PEP 257
[0.391s] -- Added test 'xmllint' to check XML markup files
[0.391s] -- Configuring done
[0.392s] -- Generating done
[0.393s] -- Build files have been written to: /home/john/ros2_ws/build/boxing_bot_description
[0.395s] Invoked command in '/home/john/ros2_ws/build/boxing_bot_description' returned '0': CMAKE_PREFIX_PATH=${CMAKE_PREFIX_PATH}:/home/john/ros2_ws/install/nav_test:/home/john/ros2_ws/install/nav_gazebo_test:/opt/ros/humble /usr/bin/cmake /home/john/ros2_ws/src/boxing_bot_description -DCMAKE_INSTALL_PREFIX=/home/john/ros2_ws/install/boxing_bot_description
[0.396s] Invoking command in '/home/john/ros2_ws/build/boxing_bot_description': CMAKE_PREFIX_PATH=${CMAKE_PREFIX_PATH}:/home/john/ros2_ws/install/nav_test:/home/john/ros2_ws/install/nav_gazebo_test:/opt/ros/humble /usr/bin/cmake --build /home/john/ros2_ws/build/boxing_bot_description -- -j28 -l28
[0.413s] Invoked command in '/home/john/ros2_ws/build/boxing_bot_description' returned '0': CMAKE_PREFIX_PATH=${CMAKE_PREFIX_PATH}:/home/john/ros2_ws/install/nav_test:/home/john/ros2_ws/install/nav_gazebo_test:/opt/ros/humble /usr/bin/cmake --build /home/john/ros2_ws/build/boxing_bot_description -- -j28 -l28
[0.426s] Invoking command in '/home/john/ros2_ws/build/boxing_bot_description': CMAKE_PREFIX_PATH=${CMAKE_PREFIX_PATH}:/home/john/ros2_ws/install/nav_test:/home/john/ros2_ws/install/nav_gazebo_test:/opt/ros/humble /usr/bin/cmake --install /home/john/ros2_ws/build/boxing_bot_description
[0.429s] -- Install configuration: ""
[0.429s] -- Installing: /home/john/ros2_ws/install/boxing_bot_description/share/boxing_bot_description/src
[0.429s] -- Installing: /home/john/ros2_ws/install/boxing_bot_description/share/boxing_bot_description/src/description
[0.429s] -- Installing: /home/john/ros2_ws/install/boxing_bot_description/share/boxing_bot_description/src/description/boxing_bot_description.urdf
[0.429s] -- Installing: /home/john/ros2_ws/install/boxing_bot_description/share/boxing_bot_description/launch
[0.429s] -- Installing: /home/john/ros2_ws/install/boxing_bot_description/share/boxing_bot_description/launch/world.launch.py
[0.429s] -- Installing: /home/john/ros2_ws/install/boxing_bot_description/share/boxing_bot_description/launch/display.launch.py
[0.429s] -- Installing: /home/john/ros2_ws/install/boxing_bot_description/share/boxing_bot_description/rviz
[0.429s] -- Installing: /home/john/ros2_ws/install/boxing_bot_description/share/boxing_bot_description/rviz/urdf_config.rviz
[0.429s] -- Installing: /home/john/ros2_ws/install/boxing_bot_description/share/boxing_bot_description/config
[0.429s] -- Installing: /home/john/ros2_ws/install/boxing_bot_description/share/boxing_bot_description/config/ekf_continuous.yaml
[0.430s] -- Installing: /home/john/ros2_ws/install/boxing_bot_description/share/boxing_bot_description/config/ekf_global.yaml
[0.430s] -- Installing: /home/john/ros2_ws/install/boxing_bot_description/share/ament_index/resource_index/package_run_dependencies/boxing_bot_description
[0.430s] -- Installing: /home/john/ros2_ws/install/boxing_bot_description/share/ament_index/resource_index/parent_prefix_path/boxing_bot_description
[0.430s] -- Installing: /home/john/ros2_ws/install/boxing_bot_description/share/boxing_bot_description/environment/ament_prefix_path.sh
[0.430s] -- Installing: /home/john/ros2_ws/install/boxing_bot_description/share/boxing_bot_description/environment/ament_prefix_path.dsv
[0.430s] -- Installing: /home/john/ros2_ws/install/boxing_bot_description/share/boxing_bot_description/environment/path.sh
[0.430s] -- Installing: /home/john/ros2_ws/install/boxing_bot_description/share/boxing_bot_description/environment/path.dsv
[0.430s] -- Installing: /home/john/ros2_ws/install/boxing_bot_description/share/boxing_bot_description/local_setup.bash
[0.430s] -- Installing: /home/john/ros2_ws/install/boxing_bot_description/share/boxing_bot_description/local_setup.sh
[0.430s] -- Installing: /home/john/ros2_ws/install/boxing_bot_description/share/boxing_bot_description/local_setup.zsh
[0.430s] -- Installing: /home/john/ros2_ws/install/boxing_bot_description/share/boxing_bot_description/local_setup.dsv
[0.430s] -- Installing: /home/john/ros2_ws/install/boxing_bot_description/share/boxing_bot_description/package.dsv
[0.430s] -- Installing: /home/john/ros2_ws/install/boxing_bot_description/share/ament_index/resource_index/packages/boxing_bot_description
[0.430s] -- Installing: /home/john/ros2_ws/install/boxing_bot_description/share/boxing_bot_description/cmake/boxing_bot_descriptionConfig.cmake
[0.430s] -- Installing: /home/john/ros2_ws/install/boxing_bot_description/share/boxing_bot_description/cmake/boxing_bot_descriptionConfig-version.cmake
[0.430s] -- Installing: /home/john/ros2_ws/install/boxing_bot_description/share/boxing_bot_description/package.xml
[0.431s] Invoked command in '/home/john/ros2_ws/build/boxing_bot_description' returned '0': CMAKE_PREFIX_PATH=${CMAKE_PREFIX_PATH}:/home/john/ros2_ws/install/nav_test:/home/john/ros2_ws/install/nav_gazebo_test:/opt/ros/humble /usr/bin/cmake --install /home/john/ros2_ws/build/boxing_bot_description
