-- Install configuration: ""
-- Up-to-date: /home/john/ros2_ws/install/boxing_bot_description/share/boxing_bot_description/src
-- Up-to-date: /home/john/ros2_ws/install/boxing_bot_description/share/boxing_bot_description/src/description
-- Up-to-date: /home/john/ros2_ws/install/boxing_bot_description/share/boxing_bot_description/src/description/boxing_bot_description.urdf
-- Up-to-date: /home/john/ros2_ws/install/boxing_bot_description/share/boxing_bot_description/src/description/boxing_bot_description_orig.urdf
-- Up-to-date: /home/john/ros2_ws/install/boxing_bot_description/share/boxing_bot_description/launch
-- Installing: /home/john/ros2_ws/install/boxing_bot_description/share/boxing_bot_description/launch/world.launch.py
-- Up-to-date: /home/john/ros2_ws/install/boxing_bot_description/share/boxing_bot_description/launch/display.launch.py
-- Up-to-date: /home/john/ros2_ws/install/boxing_bot_description/share/boxing_bot_description/rviz
-- Up-to-date: /home/john/ros2_ws/install/boxing_bot_description/share/boxing_bot_description/rviz/urdf_config.rviz
-- Up-to-date: /home/john/ros2_ws/install/boxing_bot_description/share/boxing_bot_description/config
-- Up-to-date: /home/john/ros2_ws/install/boxing_bot_description/share/boxing_bot_description/config/ekf_continuous.yaml
-- Up-to-date: /home/john/ros2_ws/install/boxing_bot_description/share/boxing_bot_description/config/ekf_aruco_0.yaml
-- Installing: /home/john/ros2_ws/install/boxing_bot_description/share/boxing_bot_description/config/ekf_aruco_3.yaml
-- Up-to-date: /home/john/ros2_ws/install/boxing_bot_description/share/boxing_bot_description/config/ekf_aruco_2.yaml
-- Up-to-date: /home/john/ros2_ws/install/boxing_bot_description/share/boxing_bot_description/config/ekf_aruco_1.yaml
-- Up-to-date: /home/john/ros2_ws/install/boxing_bot_description/share/ament_index/resource_index/package_run_dependencies/boxing_bot_description
-- Up-to-date: /home/john/ros2_ws/install/boxing_bot_description/share/ament_index/resource_index/parent_prefix_path/boxing_bot_description
-- Up-to-date: /home/john/ros2_ws/install/boxing_bot_description/share/boxing_bot_description/environment/ament_prefix_path.sh
-- Up-to-date: /home/john/ros2_ws/install/boxing_bot_description/share/boxing_bot_description/environment/ament_prefix_path.dsv
-- Up-to-date: /home/john/ros2_ws/install/boxing_bot_description/share/boxing_bot_description/environment/path.sh
-- Up-to-date: /home/john/ros2_ws/install/boxing_bot_description/share/boxing_bot_description/environment/path.dsv
-- Up-to-date: /home/john/ros2_ws/install/boxing_bot_description/share/boxing_bot_description/local_setup.bash
-- Up-to-date: /home/john/ros2_ws/install/boxing_bot_description/share/boxing_bot_description/local_setup.sh
-- Up-to-date: /home/john/ros2_ws/install/boxing_bot_description/share/boxing_bot_description/local_setup.zsh
-- Up-to-date: /home/john/ros2_ws/install/boxing_bot_description/share/boxing_bot_description/local_setup.dsv
-- Installing: /home/john/ros2_ws/install/boxing_bot_description/share/boxing_bot_description/package.dsv
-- Up-to-date: /home/john/ros2_ws/install/boxing_bot_description/share/ament_index/resource_index/packages/boxing_bot_description
-- Up-to-date: /home/john/ros2_ws/install/boxing_bot_description/share/boxing_bot_description/cmake/boxing_bot_descriptionConfig.cmake
-- Up-to-date: /home/john/ros2_ws/install/boxing_bot_description/share/boxing_bot_description/cmake/boxing_bot_descriptionConfig-version.cmake
-- Up-to-date: /home/john/ros2_ws/install/boxing_bot_description/share/boxing_bot_description/package.xml
